#
# There is insufficient memory for the Java Runtime Environment to continue.
# Native memory allocation (malloc) failed to allocate 131088 bytes for Chunk::new
# Possible reasons:
#   The system is out of physical RAM or swap space
#   The process is running with CompressedOops enabled, and the Java Heap may be blocking the growth of the native heap
# Possible solutions:
#   Reduce memory load on the system
#   Increase physical memory or swap space
#   Check if swap backing store is full
#   Decrease Java heap size (-Xmx/-Xms)
#   Decrease number of Java threads
#   Decrease Java thread stack sizes (-Xss)
#   Set larger code cache with -XX:ReservedCodeCacheSize=
#   JVM is running with Unscaled Compressed Oops mode in which the Java heap is
#     placed in the first 4GB address space. The Java Heap base address is the
#     maximum limit for the native heap growth. Please use -XX:HeapBaseMinAddress
#     to set the Java Heap base and to place the Java Heap above 4GB virtual address.
# This output file may be truncated or incomplete.
#
#  Out of Memory Error (./src/hotspot/share/memory/arena.cpp:197), pid=13824, tid=17156
#
# JRE version: OpenJDK Runtime Environment (11.0.11+9) (build 11.0.11+9-b60-7590822)
# Java VM: OpenJDK 64-Bit Server VM (11.0.11+9-b60-7590822, mixed mode, tiered, compressed oops, g1 gc, windows-amd64)
# No core dump will be written. Minidumps are not enabled by default on client versions of Windows
#

---------------  S U M M A R Y ------------

Command Line: --add-opens=java.base/java.util=ALL-UNNAMED --add-opens=java.base/java.lang=ALL-UNNAMED --add-opens=java.base/java.lang.invoke=ALL-UNNAMED --add-opens=java.base/java.util=ALL-UNNAMED --add-opens=java.prefs/java.util.prefs=ALL-UNNAMED --add-opens=java.prefs/java.util.prefs=ALL-UNNAMED --add-opens=java.base/java.nio.charset=ALL-UNNAMED --add-opens=java.base/java.net=ALL-UNNAMED --add-opens=java.base/java.util.concurrent.atomic=ALL-UNNAMED -Xmx2048m -Dfile.encoding=UTF-8 -Duser.country=GB -Duser.language=en -Duser.variant org.gradle.launcher.daemon.bootstrap.GradleDaemon 7.2

Host: Intel(R) Core(TM) i7-9750H CPU @ 2.60GHz, 12 cores, 7G,  Windows 10 , 64 bit Build 22000 (10.0.22000.675)
Time: Fri May 20 10:42:33 2022 GMT Daylight Time elapsed time: 18.459411 seconds (0d 0h 0m 18s)

---------------  T H R E A D  ---------------

Current thread (0x000001b3ff88a800):  JavaThread "C2 CompilerThread0" daemon [_thread_in_native, id=17156, stack(0x000000ad5ad00000,0x000000ad5ae00000)]


Current CompileTask:
C2:  18459 10257       4       org.apache.xerces.parsers.AbstractDOMParser::startElement (883 bytes)

Stack: [0x000000ad5ad00000,0x000000ad5ae00000]
Native frames: (J=compiled Java code, j=interpreted, Vv=VM code, C=native code)
V  [jvm.dll+0x5f214a]
V  [jvm.dll+0x726fb5]
V  [jvm.dll+0x7285cd]
V  [jvm.dll+0x728c83]
V  [jvm.dll+0x243278]
V  [jvm.dll+0xbc53c]
V  [jvm.dll+0xbca3c]
V  [jvm.dll+0xbc638]
V  [jvm.dll+0x5d14e0]
V  [jvm.dll+0x5081a1]
V  [jvm.dll+0x203d53]
V  [jvm.dll+0x1fdbac]
V  [jvm.dll+0x1fb35f]
V  [jvm.dll+0x183d6c]
V  [jvm.dll+0x209a57]
V  [jvm.dll+0x2082a1]
V  [jvm.dll+0x6ef58f]
V  [jvm.dll+0x6e80b5]
V  [jvm.dll+0x5f1036]
C  [ucrtbase.dll+0x26c0c]
C  [KERNEL32.DLL+0x154e0]
C  [ntdll.dll+0x485b]


---------------  P R O C E S S  ---------------

Threads class SMR info:
_java_thread_list=0x000001b386cf3450, length=181, elements={
0x000001b3e464f800, 0x000001b3fef11000, 0x000001b3fef12800, 0x000001b3ff886000,
0x000001b3ff887000, 0x000001b3ff888000, 0x000001b3ff88a800, 0x000001b3ff891800,
0x000001b3fef33800, 0x000001b3ff9f4000, 0x000001b3812cd800, 0x000001b3824c1800,
0x000001b3831d1800, 0x000001b3816ac800, 0x000001b381389800, 0x000001b3821e1800,
0x000001b3811ab000, 0x000001b381756800, 0x000001b382132800, 0x000001b381bb1000,
0x000001b381bb0800, 0x000001b381bae800, 0x000001b381bab800, 0x000001b381bb2000,
0x000001b381bac000, 0x000001b381bad000, 0x000001b381bae000, 0x000001b381baf800,
0x000001b383989000, 0x000001b383987000, 0x000001b383984000, 0x000001b383989800,
0x000001b383985000, 0x000001b38398b800, 0x000001b383985800, 0x000001b383991000,
0x000001b383992000, 0x000001b38398d000, 0x000001b38398d800, 0x000001b38398f800,
0x000001b38398e800, 0x000001b383990000, 0x000001b38398c000, 0x000001b383992800,
0x000001b383820800, 0x000001b383821000, 0x000001b383823800, 0x000001b383824800,
0x000001b383822000, 0x000001b38381e800, 0x000001b383825800, 0x000001b38381f800,
0x000001b383826000, 0x000001b383827000, 0x000001b383828800, 0x000001b383823000,
0x000001b383829800, 0x000001b38382d800, 0x000001b38382b000, 0x000001b383827800,
0x000001b38382a000, 0x000001b38382c800, 0x000001b38382c000, 0x000001b383936000,
0x000001b383934800, 0x000001b383930000, 0x000001b383931000, 0x000001b383932000,
0x000001b383932800, 0x000001b383937000, 0x000001b383935000, 0x000001b383939000,
0x000001b383933800, 0x000001b38393b000, 0x000001b38393a000, 0x000001b383937800,
0x000001b38393e000, 0x000001b383938800, 0x000001b38393b800, 0x000001b38393f000,
0x000001b38393c800, 0x000001b38393d800, 0x000001b383cba800, 0x000001b383cbb000,
0x000001b383cb5800, 0x000001b383cbc000, 0x000001b383cb6800, 0x000001b383cbd000,
0x000001b383cb7000, 0x000001b383cbd800, 0x000001b383cb8000, 0x000001b383cb9800,
0x000001b383cbe800, 0x000001b383cb9000, 0x000001b383cc3800, 0x000001b383cc4000,
0x000001b383cbf800, 0x000001b383cc0000, 0x000001b383cc1000, 0x000001b383cc1800,
0x000001b383cc2800, 0x000001b383cc6800, 0x000001b383cc9800, 0x000001b383cc8000,
0x000001b383cca800, 0x000001b383cc5800, 0x000001b383cc9000, 0x000001b383ccc000,
0x000001b383ccb000, 0x000001b383ccd000, 0x000001b383cc7000, 0x000001b383cd0000,
0x000001b383cd1000, 0x000001b383ccd800, 0x000001b383cd1800, 0x000001b383cd2800,
0x000001b383cd3800, 0x000001b383ccf800, 0x000001b383cd4000, 0x000001b383cce800,
0x000001b381fdc000, 0x000001b381fde800, 0x000001b381fd8800, 0x000001b381fdd800,
0x000001b381fdf800, 0x000001b381fd9800, 0x000001b381fe0000, 0x000001b381fdd000,
0x000001b381fda800, 0x000001b381fe1000, 0x000001b381fdb000, 0x000001b381fe1800,
0x000001b381fe2800, 0x000001b381fe6800, 0x000001b381fe5000, 0x000001b381fe7800,
0x000001b381fe3800, 0x000001b381fe4000, 0x000001b381fe6000, 0x000001b38543c800,
0x000001b38543a000, 0x000001b38543d800, 0x000001b38543e000, 0x000001b38543b000,
0x000001b38543c000, 0x000001b38543f000, 0x000001b385439800, 0x000001b385443000,
0x000001b385440800, 0x000001b385444000, 0x000001b385442800, 0x000001b385445000,
0x000001b385441800, 0x000001b385440000, 0x000001b385446800, 0x000001b385448000,
0x000001b385445800, 0x000001b385447000, 0x000001b3835dd800, 0x000001b3835de000,
0x000001b3835db800, 0x000001b3835da000, 0x000001b3835df000, 0x000001b3835e0000,
0x000001b3835e0800, 0x000001b3835e1800, 0x000001b3835e5800, 0x000001b3835e6800,
0x000001b3835e7000, 0x000001b3835e8000, 0x000001b3835e3000, 0x000001b3835e2000,
0x000001b3835e4000, 0x000001b3835e8800, 0x000001b3835e4800, 0x000001b3859ca000,
0x000001b3859cb000, 0x000001b3859c6000, 0x000001b3859c7000, 0x000001b3859c7800,
0x000001b3859c8800
}

Java Threads: ( => current thread )
  0x000001b3e464f800 JavaThread "main" [_thread_blocked, id=21068, stack(0x000000ad5a100000,0x000000ad5a200000)]
  0x000001b3fef11000 JavaThread "Reference Handler" daemon [_thread_blocked, id=19092, stack(0x000000ad5a800000,0x000000ad5a900000)]
  0x000001b3fef12800 JavaThread "Finalizer" daemon [_thread_blocked, id=22348, stack(0x000000ad5a900000,0x000000ad5aa00000)]
  0x000001b3ff886000 JavaThread "Signal Dispatcher" daemon [_thread_blocked, id=22180, stack(0x000000ad5aa00000,0x000000ad5ab00000)]
  0x000001b3ff887000 JavaThread "Attach Listener" daemon [_thread_blocked, id=19576, stack(0x000000ad5ab00000,0x000000ad5ac00000)]
  0x000001b3ff888000 JavaThread "Service Thread" daemon [_thread_blocked, id=21052, stack(0x000000ad5ac00000,0x000000ad5ad00000)]
=>0x000001b3ff88a800 JavaThread "C2 CompilerThread0" daemon [_thread_in_native, id=17156, stack(0x000000ad5ad00000,0x000000ad5ae00000)]
  0x000001b3ff891800 JavaThread "C1 CompilerThread0" daemon [_thread_blocked, id=4588, stack(0x000000ad5ae00000,0x000000ad5af00000)]
  0x000001b3fef33800 JavaThread "Sweeper thread" daemon [_thread_blocked, id=12712, stack(0x000000ad5af00000,0x000000ad5b000000)]
  0x000001b3ff9f4000 JavaThread "Common-Cleaner" daemon [_thread_blocked, id=21724, stack(0x000000ad5b000000,0x000000ad5b100000)]
  0x000001b3812cd800 JavaThread "Daemon health stats" [_thread_blocked, id=1372, stack(0x000000ad5b500000,0x000000ad5b600000)]
  0x000001b3824c1800 JavaThread "Incoming local TCP Connector on port 62094" [_thread_in_native, id=15384, stack(0x000000ad5b200000,0x000000ad5b300000)]
  0x000001b3831d1800 JavaThread "Daemon periodic checks" [_thread_blocked, id=15260, stack(0x000000ad5b700000,0x000000ad5b800000)]
  0x000001b3816ac800 JavaThread "Daemon" [_thread_blocked, id=21044, stack(0x000000ad5b800000,0x000000ad5b900000)]
  0x000001b381389800 JavaThread "Handler for socket connection from /127.0.0.1:62094 to /127.0.0.1:62095" [_thread_in_native, id=10712, stack(0x000000ad5b900000,0x000000ad5ba00000)]
  0x000001b3821e1800 JavaThread "Cancel handler" [_thread_blocked, id=1792, stack(0x000000ad5ba00000,0x000000ad5bb00000)]
  0x000001b3811ab000 JavaThread "Daemon worker" [_thread_blocked, id=12168, stack(0x000000ad5bb00000,0x000000ad5bc00000)]
  0x000001b381756800 JavaThread "Asynchronous log dispatcher for DefaultDaemonConnection: socket connection from /127.0.0.1:62094 to /127.0.0.1:62095" [_thread_blocked, id=22344, stack(0x000000ad5bc00000,0x000000ad5bd00000)]
  0x000001b382132800 JavaThread "Stdin handler" [_thread_blocked, id=15796, stack(0x000000ad5bd00000,0x000000ad5be00000)]
  0x000001b381bb1000 JavaThread "Daemon client event forwarder" [_thread_blocked, id=14104, stack(0x000000ad5be00000,0x000000ad5bf00000)]
  0x000001b381bb0800 JavaThread "Cache worker for journal cache (C:\Users\sonny\.gradle\caches\journal-1)" [_thread_blocked, id=704, stack(0x000000ad5c600000,0x000000ad5c700000)]
  0x000001b381bae800 JavaThread "File lock request listener" [_thread_in_native, id=20808, stack(0x000000ad5c700000,0x000000ad5c800000)]
  0x000001b381bab800 JavaThread "Cache worker for file hash cache (C:\Users\sonny\.gradle\caches\7.2\fileHashes)" [_thread_blocked, id=7300, stack(0x000000ad5c800000,0x000000ad5c900000)]
  0x000001b381bb2000 JavaThread "Cache worker for file hash cache (C:\Users\sonny\AndroidStudioProjects\FYP_926975\.gradle\7.2\fileHashes)" [_thread_blocked, id=1560, stack(0x000000ad5cb00000,0x000000ad5cc00000)]
  0x000001b381bac000 JavaThread "File watcher server" daemon [_thread_in_native, id=23412, stack(0x000000ad5cc00000,0x000000ad5cd00000)]
  0x000001b381bad000 JavaThread "File watcher consumer" daemon [_thread_blocked, id=14020, stack(0x000000ad5cd00000,0x000000ad5ce00000)]
  0x000001b381bae000 JavaThread "Cache worker for checksums cache (C:\Users\sonny\AndroidStudioProjects\FYP_926975\.gradle\checksums)" [_thread_blocked, id=24384, stack(0x000000ad5b600000,0x000000ad5b700000)]
  0x000001b381baf800 JavaThread "Cache worker for cache directory md-supplier (C:\Users\sonny\.gradle\caches\7.2\md-supplier)" [_thread_blocked, id=2112, stack(0x000000ad5ce00000,0x000000ad5cf00000)]
  0x000001b383989000 JavaThread "Cache worker for cache directory md-rule (C:\Users\sonny\.gradle\caches\7.2\md-rule)" [_thread_blocked, id=23948, stack(0x000000ad5cf00000,0x000000ad5d000000)]
  0x000001b383987000 JavaThread "Cache worker for execution history cache (C:\Users\sonny\.gradle\caches\7.2\executionHistory)" [_thread_blocked, id=20392, stack(0x000000ad5d000000,0x000000ad5d100000)]
  0x000001b383984000 JavaThread "jar transforms" [_thread_blocked, id=13580, stack(0x000000ad5d200000,0x000000ad5d300000)]
  0x000001b383989800 JavaThread "Cache worker for file content cache (C:\Users\sonny\.gradle\caches\7.2\fileContent)" [_thread_blocked, id=9744, stack(0x000000ad5d300000,0x000000ad5d400000)]
  0x000001b383985000 JavaThread "jar transforms Thread 2" [_thread_blocked, id=15516, stack(0x000000ad5d400000,0x000000ad5d500000)]
  0x000001b38398b800 JavaThread "Cache worker for dependencies-accessors (C:\Users\sonny\AndroidStudioProjects\FYP_926975\.gradle\7.2\dependencies-accessors)" [_thread_blocked, id=15504, stack(0x000000ad5d500000,0x000000ad5d600000)]
  0x000001b383985800 JavaThread "jar transforms Thread 3" [_thread_blocked, id=18728, stack(0x000000ad5d600000,0x000000ad5d700000)]
  0x000001b383991000 JavaThread "Cache worker for Build Output Cleanup Cache (C:\Users\sonny\AndroidStudioProjects\FYP_926975\.gradle\buildOutputCleanup)" [_thread_blocked, id=17424, stack(0x000000ad5d700000,0x000000ad5d800000)]
  0x000001b383992000 JavaThread "Unconstrained build operations" [_thread_blocked, id=2480, stack(0x000000ad5d800000,0x000000ad5d900000)]
  0x000001b38398d000 JavaThread "Unconstrained build operations Thread 2" [_thread_blocked, id=12860, stack(0x000000ad5d900000,0x000000ad5da00000)]
  0x000001b38398d800 JavaThread "Unconstrained build operations Thread 3" [_thread_blocked, id=10256, stack(0x000000ad5da00000,0x000000ad5db00000)]
  0x000001b38398f800 JavaThread "Unconstrained build operations Thread 4" [_thread_blocked, id=9396, stack(0x000000ad5db00000,0x000000ad5dc00000)]
  0x000001b38398e800 JavaThread "Unconstrained build operations Thread 5" [_thread_blocked, id=2512, stack(0x000000ad5dc00000,0x000000ad5dd00000)]
  0x000001b383990000 JavaThread "Unconstrained build operations Thread 6" [_thread_blocked, id=16848, stack(0x000000ad5dd00000,0x000000ad5de00000)]
  0x000001b38398c000 JavaThread "Unconstrained build operations Thread 7" [_thread_blocked, id=11840, stack(0x000000ad5de00000,0x000000ad5df00000)]
  0x000001b383992800 JavaThread "Unconstrained build operations Thread 8" [_thread_blocked, id=21168, stack(0x000000ad5df00000,0x000000ad5e000000)]
  0x000001b383820800 JavaThread "Unconstrained build operations Thread 9" [_thread_blocked, id=19380, stack(0x000000ad5e000000,0x000000ad5e100000)]
  0x000001b383821000 JavaThread "Unconstrained build operations Thread 10" [_thread_blocked, id=2984, stack(0x000000ad5e100000,0x000000ad5e200000)]
  0x000001b383823800 JavaThread "Unconstrained build operations Thread 11" [_thread_blocked, id=22060, stack(0x000000ad5e200000,0x000000ad5e300000)]
  0x000001b383824800 JavaThread "Unconstrained build operations Thread 12" [_thread_blocked, id=23660, stack(0x000000ad5e300000,0x000000ad5e400000)]
  0x000001b383822000 JavaThread "Unconstrained build operations Thread 13" [_thread_blocked, id=19240, stack(0x000000ad5e400000,0x000000ad5e500000)]
  0x000001b38381e800 JavaThread "Unconstrained build operations Thread 14" [_thread_blocked, id=21032, stack(0x000000ad5e500000,0x000000ad5e600000)]
  0x000001b383825800 JavaThread "Unconstrained build operations Thread 15" [_thread_blocked, id=6788, stack(0x000000ad5e600000,0x000000ad5e700000)]
  0x000001b38381f800 JavaThread "Unconstrained build operations Thread 16" [_thread_blocked, id=5944, stack(0x000000ad5e700000,0x000000ad5e800000)]
  0x000001b383826000 JavaThread "Unconstrained build operations Thread 17" [_thread_blocked, id=22448, stack(0x000000ad5e800000,0x000000ad5e900000)]
  0x000001b383827000 JavaThread "Unconstrained build operations Thread 18" [_thread_blocked, id=18144, stack(0x000000ad5e900000,0x000000ad5ea00000)]
  0x000001b383828800 JavaThread "Unconstrained build operations Thread 19" [_thread_blocked, id=20932, stack(0x000000ad5ea00000,0x000000ad5eb00000)]
  0x000001b383823000 JavaThread "Unconstrained build operations Thread 20" [_thread_blocked, id=1740, stack(0x000000ad5eb00000,0x000000ad5ec00000)]
  0x000001b383829800 JavaThread "Unconstrained build operations Thread 21" [_thread_blocked, id=24108, stack(0x000000ad5ec00000,0x000000ad5ed00000)]
  0x000001b38382d800 JavaThread "Unconstrained build operations Thread 22" [_thread_blocked, id=13320, stack(0x000000ad5ed00000,0x000000ad5ee00000)]
  0x000001b38382b000 JavaThread "Unconstrained build operations Thread 23" [_thread_blocked, id=17276, stack(0x000000ad5ee00000,0x000000ad5ef00000)]
  0x000001b383827800 JavaThread "Unconstrained build operations Thread 24" [_thread_blocked, id=2360, stack(0x000000ad5ef00000,0x000000ad5f000000)]
  0x000001b38382a000 JavaThread "Unconstrained build operations Thread 25" [_thread_blocked, id=18384, stack(0x000000ad5f000000,0x000000ad5f100000)]
  0x000001b38382c800 JavaThread "Unconstrained build operations Thread 26" [_thread_blocked, id=19024, stack(0x000000ad5f100000,0x000000ad5f200000)]
  0x000001b38382c000 JavaThread "Unconstrained build operations Thread 27" [_thread_blocked, id=22380, stack(0x000000ad5f200000,0x000000ad5f300000)]
  0x000001b383936000 JavaThread "Unconstrained build operations Thread 28" [_thread_blocked, id=7096, stack(0x000000ad5f300000,0x000000ad5f400000)]
  0x000001b383934800 JavaThread "Unconstrained build operations Thread 29" [_thread_blocked, id=16896, stack(0x000000ad5f400000,0x000000ad5f500000)]
  0x000001b383930000 JavaThread "Unconstrained build operations Thread 30" [_thread_blocked, id=12624, stack(0x000000ad5f500000,0x000000ad5f600000)]
  0x000001b383931000 JavaThread "Unconstrained build operations Thread 31" [_thread_blocked, id=21728, stack(0x000000ad5f600000,0x000000ad5f700000)]
  0x000001b383932000 JavaThread "Unconstrained build operations Thread 32" [_thread_blocked, id=18540, stack(0x000000ad5f700000,0x000000ad5f800000)]
  0x000001b383932800 JavaThread "Unconstrained build operations Thread 33" [_thread_blocked, id=20104, stack(0x000000ad5f800000,0x000000ad5f900000)]
  0x000001b383937000 JavaThread "Unconstrained build operations Thread 34" [_thread_blocked, id=18776, stack(0x000000ad5f900000,0x000000ad5fa00000)]
  0x000001b383935000 JavaThread "Unconstrained build operations Thread 35" [_thread_blocked, id=8452, stack(0x000000ad5fa00000,0x000000ad5fb00000)]
  0x000001b383939000 JavaThread "Unconstrained build operations Thread 36" [_thread_blocked, id=14836, stack(0x000000ad5fb00000,0x000000ad5fc00000)]
  0x000001b383933800 JavaThread "Unconstrained build operations Thread 37" [_thread_blocked, id=20888, stack(0x000000ad5fc00000,0x000000ad5fd00000)]
  0x000001b38393b000 JavaThread "Unconstrained build operations Thread 38" [_thread_blocked, id=22236, stack(0x000000ad5fd00000,0x000000ad5fe00000)]
  0x000001b38393a000 JavaThread "Unconstrained build operations Thread 39" [_thread_blocked, id=17152, stack(0x000000ad5fe00000,0x000000ad5ff00000)]
  0x000001b383937800 JavaThread "Unconstrained build operations Thread 40" [_thread_blocked, id=11292, stack(0x000000ad5ff00000,0x000000ad60000000)]
  0x000001b38393e000 JavaThread "Unconstrained build operations Thread 41" [_thread_blocked, id=23720, stack(0x000000ad60000000,0x000000ad60100000)]
  0x000001b383938800 JavaThread "Unconstrained build operations Thread 42" [_thread_blocked, id=18572, stack(0x000000ad60100000,0x000000ad60200000)]
  0x000001b38393b800 JavaThread "Unconstrained build operations Thread 43" [_thread_blocked, id=22144, stack(0x000000ad60200000,0x000000ad60300000)]
  0x000001b38393f000 JavaThread "Unconstrained build operations Thread 44" [_thread_blocked, id=13656, stack(0x000000ad60300000,0x000000ad60400000)]
  0x000001b38393c800 JavaThread "Unconstrained build operations Thread 45" [_thread_blocked, id=14128, stack(0x000000ad60400000,0x000000ad60500000)]
  0x000001b38393d800 JavaThread "Unconstrained build operations Thread 46" [_thread_blocked, id=24088, stack(0x000000ad60500000,0x000000ad60600000)]
  0x000001b383cba800 JavaThread "Unconstrained build operations Thread 47" [_thread_blocked, id=23828, stack(0x000000ad60600000,0x000000ad60700000)]
  0x000001b383cbb000 JavaThread "Unconstrained build operations Thread 48" [_thread_blocked, id=12252, stack(0x000000ad60700000,0x000000ad60800000)]
  0x000001b383cb5800 JavaThread "Unconstrained build operations Thread 49" [_thread_blocked, id=15944, stack(0x000000ad60800000,0x000000ad60900000)]
  0x000001b383cbc000 JavaThread "Unconstrained build operations Thread 50" [_thread_blocked, id=12844, stack(0x000000ad60900000,0x000000ad60a00000)]
  0x000001b383cb6800 JavaThread "Unconstrained build operations Thread 51" [_thread_blocked, id=22680, stack(0x000000ad60a00000,0x000000ad60b00000)]
  0x000001b383cbd000 JavaThread "Unconstrained build operations Thread 52" [_thread_blocked, id=20528, stack(0x000000ad60b00000,0x000000ad60c00000)]
  0x000001b383cb7000 JavaThread "Unconstrained build operations Thread 53" [_thread_blocked, id=22100, stack(0x000000ad60c00000,0x000000ad60d00000)]
  0x000001b383cbd800 JavaThread "Unconstrained build operations Thread 54" [_thread_blocked, id=21716, stack(0x000000ad60d00000,0x000000ad60e00000)]
  0x000001b383cb8000 JavaThread "Unconstrained build operations Thread 55" [_thread_blocked, id=13236, stack(0x000000ad60e00000,0x000000ad60f00000)]
  0x000001b383cb9800 JavaThread "Unconstrained build operations Thread 56" [_thread_blocked, id=4720, stack(0x000000ad60f00000,0x000000ad61000000)]
  0x000001b383cbe800 JavaThread "Unconstrained build operations Thread 57" [_thread_blocked, id=17664, stack(0x000000ad61000000,0x000000ad61100000)]
  0x000001b383cb9000 JavaThread "Unconstrained build operations Thread 58" [_thread_blocked, id=3112, stack(0x000000ad61100000,0x000000ad61200000)]
  0x000001b383cc3800 JavaThread "Unconstrained build operations Thread 59" [_thread_blocked, id=1708, stack(0x000000ad61200000,0x000000ad61300000)]
  0x000001b383cc4000 JavaThread "Unconstrained build operations Thread 60" [_thread_blocked, id=4160, stack(0x000000ad61300000,0x000000ad61400000)]
  0x000001b383cbf800 JavaThread "Unconstrained build operations Thread 61" [_thread_blocked, id=15288, stack(0x000000ad61400000,0x000000ad61500000)]
  0x000001b383cc0000 JavaThread "Unconstrained build operations Thread 62" [_thread_blocked, id=10808, stack(0x000000ad61500000,0x000000ad61600000)]
  0x000001b383cc1000 JavaThread "Unconstrained build operations Thread 63" [_thread_blocked, id=21872, stack(0x000000ad61600000,0x000000ad61700000)]
  0x000001b383cc1800 JavaThread "Unconstrained build operations Thread 64" [_thread_blocked, id=15232, stack(0x000000ad61700000,0x000000ad61800000)]
  0x000001b383cc2800 JavaThread "Unconstrained build operations Thread 65" [_thread_blocked, id=17640, stack(0x000000ad61800000,0x000000ad61900000)]
  0x000001b383cc6800 JavaThread "Unconstrained build operations Thread 66" [_thread_blocked, id=7816, stack(0x000000ad61900000,0x000000ad61a00000)]
  0x000001b383cc9800 JavaThread "Unconstrained build operations Thread 67" [_thread_blocked, id=19660, stack(0x000000ad61a00000,0x000000ad61b00000)]
  0x000001b383cc8000 JavaThread "Unconstrained build operations Thread 68" [_thread_blocked, id=2156, stack(0x000000ad61b00000,0x000000ad61c00000)]
  0x000001b383cca800 JavaThread "Unconstrained build operations Thread 69" [_thread_blocked, id=18032, stack(0x000000ad61c00000,0x000000ad61d00000)]
  0x000001b383cc5800 JavaThread "Unconstrained build operations Thread 70" [_thread_blocked, id=5848, stack(0x000000ad61d00000,0x000000ad61e00000)]
  0x000001b383cc9000 JavaThread "Unconstrained build operations Thread 71" [_thread_blocked, id=4464, stack(0x000000ad61e00000,0x000000ad61f00000)]
  0x000001b383ccc000 JavaThread "Unconstrained build operations Thread 72" [_thread_blocked, id=14992, stack(0x000000ad61f00000,0x000000ad62000000)]
  0x000001b383ccb000 JavaThread "Unconstrained build operations Thread 73" [_thread_blocked, id=3596, stack(0x000000ad62000000,0x000000ad62100000)]
  0x000001b383ccd000 JavaThread "Unconstrained build operations Thread 74" [_thread_blocked, id=23964, stack(0x000000ad62100000,0x000000ad62200000)]
  0x000001b383cc7000 JavaThread "Unconstrained build operations Thread 75" [_thread_blocked, id=20400, stack(0x000000ad62200000,0x000000ad62300000)]
  0x000001b383cd0000 JavaThread "Unconstrained build operations Thread 76" [_thread_blocked, id=14472, stack(0x000000ad62300000,0x000000ad62400000)]
  0x000001b383cd1000 JavaThread "Unconstrained build operations Thread 77" [_thread_blocked, id=20776, stack(0x000000ad62400000,0x000000ad62500000)]
  0x000001b383ccd800 JavaThread "Unconstrained build operations Thread 78" [_thread_blocked, id=19600, stack(0x000000ad62500000,0x000000ad62600000)]
  0x000001b383cd1800 JavaThread "Unconstrained build operations Thread 79" [_thread_blocked, id=18312, stack(0x000000ad62600000,0x000000ad62700000)]
  0x000001b383cd2800 JavaThread "Unconstrained build operations Thread 80" [_thread_blocked, id=11872, stack(0x000000ad62700000,0x000000ad62800000)]
  0x000001b383cd3800 JavaThread "Unconstrained build operations Thread 81" [_thread_blocked, id=16920, stack(0x000000ad62800000,0x000000ad62900000)]
  0x000001b383ccf800 JavaThread "Unconstrained build operations Thread 82" [_thread_blocked, id=17488, stack(0x000000ad62900000,0x000000ad62a00000)]
  0x000001b383cd4000 JavaThread "Unconstrained build operations Thread 83" [_thread_blocked, id=3360, stack(0x000000ad62a00000,0x000000ad62b00000)]
  0x000001b383cce800 JavaThread "Unconstrained build operations Thread 84" [_thread_blocked, id=13956, stack(0x000000ad62b00000,0x000000ad62c00000)]
  0x000001b381fdc000 JavaThread "Unconstrained build operations Thread 85" [_thread_blocked, id=20220, stack(0x000000ad62c00000,0x000000ad62d00000)]
  0x000001b381fde800 JavaThread "Unconstrained build operations Thread 86" [_thread_blocked, id=2624, stack(0x000000ad62d00000,0x000000ad62e00000)]
  0x000001b381fd8800 JavaThread "Unconstrained build operations Thread 87" [_thread_blocked, id=2720, stack(0x000000ad62e00000,0x000000ad62f00000)]
  0x000001b381fdd800 JavaThread "Unconstrained build operations Thread 88" [_thread_blocked, id=6316, stack(0x000000ad62f00000,0x000000ad63000000)]
  0x000001b381fdf800 JavaThread "Unconstrained build operations Thread 89" [_thread_blocked, id=8012, stack(0x000000ad63000000,0x000000ad63100000)]
  0x000001b381fd9800 JavaThread "Unconstrained build operations Thread 90" [_thread_blocked, id=2812, stack(0x000000ad63100000,0x000000ad63200000)]
  0x000001b381fe0000 JavaThread "Unconstrained build operations Thread 91" [_thread_blocked, id=20940, stack(0x000000ad63200000,0x000000ad63300000)]
  0x000001b381fdd000 JavaThread "Unconstrained build operations Thread 92" [_thread_blocked, id=14232, stack(0x000000ad63300000,0x000000ad63400000)]
  0x000001b381fda800 JavaThread "Unconstrained build operations Thread 93" [_thread_blocked, id=2948, stack(0x000000ad63400000,0x000000ad63500000)]
  0x000001b381fe1000 JavaThread "Unconstrained build operations Thread 94" [_thread_blocked, id=8308, stack(0x000000ad63500000,0x000000ad63600000)]
  0x000001b381fdb000 JavaThread "Unconstrained build operations Thread 95" [_thread_blocked, id=8108, stack(0x000000ad63600000,0x000000ad63700000)]
  0x000001b381fe1800 JavaThread "Unconstrained build operations Thread 96" [_thread_blocked, id=15388, stack(0x000000ad63700000,0x000000ad63800000)]
  0x000001b381fe2800 JavaThread "Unconstrained build operations Thread 97" [_thread_blocked, id=13360, stack(0x000000ad63800000,0x000000ad63900000)]
  0x000001b381fe6800 JavaThread "Unconstrained build operations Thread 98" [_thread_blocked, id=11116, stack(0x000000ad63900000,0x000000ad63a00000)]
  0x000001b381fe5000 JavaThread "Unconstrained build operations Thread 99" [_thread_blocked, id=18200, stack(0x000000ad63a00000,0x000000ad63b00000)]
  0x000001b381fe7800 JavaThread "Unconstrained build operations Thread 100" [_thread_blocked, id=17040, stack(0x000000ad63b00000,0x000000ad63c00000)]
  0x000001b381fe3800 JavaThread "Unconstrained build operations Thread 101" [_thread_blocked, id=11692, stack(0x000000ad63c00000,0x000000ad63d00000)]
  0x000001b381fe4000 JavaThread "Unconstrained build operations Thread 102" [_thread_blocked, id=23116, stack(0x000000ad63d00000,0x000000ad63e00000)]
  0x000001b381fe6000 JavaThread "Unconstrained build operations Thread 103" [_thread_blocked, id=1844, stack(0x000000ad63e00000,0x000000ad63f00000)]
  0x000001b38543c800 JavaThread "Unconstrained build operations Thread 104" [_thread_blocked, id=19648, stack(0x000000ad63f00000,0x000000ad64000000)]
  0x000001b38543a000 JavaThread "Unconstrained build operations Thread 105" [_thread_blocked, id=3200, stack(0x000000ad64000000,0x000000ad64100000)]
  0x000001b38543d800 JavaThread "Unconstrained build operations Thread 106" [_thread_blocked, id=16968, stack(0x000000ad64100000,0x000000ad64200000)]
  0x000001b38543e000 JavaThread "Unconstrained build operations Thread 107" [_thread_blocked, id=13048, stack(0x000000ad64200000,0x000000ad64300000)]
  0x000001b38543b000 JavaThread "Unconstrained build operations Thread 108" [_thread_blocked, id=12196, stack(0x000000ad64300000,0x000000ad64400000)]
  0x000001b38543c000 JavaThread "Unconstrained build operations Thread 109" [_thread_blocked, id=15408, stack(0x000000ad64400000,0x000000ad64500000)]
  0x000001b38543f000 JavaThread "Unconstrained build operations Thread 110" [_thread_blocked, id=12160, stack(0x000000ad64500000,0x000000ad64600000)]
  0x000001b385439800 JavaThread "Unconstrained build operations Thread 111" [_thread_blocked, id=23156, stack(0x000000ad64600000,0x000000ad64700000)]
  0x000001b385443000 JavaThread "Unconstrained build operations Thread 112" [_thread_blocked, id=24388, stack(0x000000ad64700000,0x000000ad64800000)]
  0x000001b385440800 JavaThread "Unconstrained build operations Thread 113" [_thread_blocked, id=6384, stack(0x000000ad64800000,0x000000ad64900000)]
  0x000001b385444000 JavaThread "Unconstrained build operations Thread 114" [_thread_blocked, id=1660, stack(0x000000ad64900000,0x000000ad64a00000)]
  0x000001b385442800 JavaThread "Unconstrained build operations Thread 115" [_thread_blocked, id=11072, stack(0x000000ad64a00000,0x000000ad64b00000)]
  0x000001b385445000 JavaThread "Unconstrained build operations Thread 116" [_thread_blocked, id=360, stack(0x000000ad64b00000,0x000000ad64c00000)]
  0x000001b385441800 JavaThread "Unconstrained build operations Thread 117" [_thread_blocked, id=8628, stack(0x000000ad64c00000,0x000000ad64d00000)]
  0x000001b385440000 JavaThread "Unconstrained build operations Thread 118" [_thread_blocked, id=24096, stack(0x000000ad64d00000,0x000000ad64e00000)]
  0x000001b385446800 JavaThread "Unconstrained build operations Thread 119" [_thread_blocked, id=8088, stack(0x000000ad64e00000,0x000000ad64f00000)]
  0x000001b385448000 JavaThread "Unconstrained build operations Thread 120" [_thread_blocked, id=7356, stack(0x000000ad64f00000,0x000000ad65000000)]
  0x000001b385445800 JavaThread "jar transforms Thread 4" [_thread_blocked, id=22876, stack(0x000000ad65000000,0x000000ad65100000)]
  0x000001b385447000 JavaThread "jar transforms Thread 5" [_thread_blocked, id=6276, stack(0x000000ad65100000,0x000000ad65200000)]
  0x000001b3835dd800 JavaThread "jar transforms Thread 6" [_thread_blocked, id=11060, stack(0x000000ad65200000,0x000000ad65300000)]
  0x000001b3835de000 JavaThread "jar transforms Thread 7" [_thread_blocked, id=20060, stack(0x000000ad65300000,0x000000ad65400000)]
  0x000001b3835db800 JavaThread "jar transforms Thread 8" [_thread_blocked, id=23516, stack(0x000000ad65400000,0x000000ad65500000)]
  0x000001b3835da000 JavaThread "jar transforms Thread 9" [_thread_blocked, id=22620, stack(0x000000ad65500000,0x000000ad65600000)]
  0x000001b3835df000 JavaThread "jar transforms Thread 10" [_thread_blocked, id=22608, stack(0x000000ad65600000,0x000000ad65700000)]
  0x000001b3835e0000 JavaThread "jar transforms Thread 11" [_thread_blocked, id=22496, stack(0x000000ad65700000,0x000000ad65800000)]
  0x000001b3835e0800 JavaThread "jar transforms Thread 12" [_thread_blocked, id=13932, stack(0x000000ad65800000,0x000000ad65900000)]
  0x000001b3835e1800 JavaThread "Memory manager" [_thread_blocked, id=19876, stack(0x000000ad65900000,0x000000ad65a00000)]
  0x000001b3835e5800 JavaThread "build event listener" [_thread_blocked, id=22504, stack(0x000000ad5d100000,0x000000ad5d200000)]
  0x000001b3835e6800 JavaThread "pool-3-thread-1" [_thread_blocked, id=1576, stack(0x000000ad65a00000,0x000000ad65b00000)]
  0x000001b3835e7000 JavaThread "build event listener" [_thread_blocked, id=23144, stack(0x000000ad65b00000,0x000000ad65c00000)]
  0x000001b3835e8000 JavaThread "Execution worker for ':'" [_thread_blocked, id=23996, stack(0x000000ad65c00000,0x000000ad65d00000)]
  0x000001b3835e3000 JavaThread "Execution worker for ':' Thread 2" [_thread_blocked, id=20764, stack(0x000000ad65d00000,0x000000ad65e00000)]
  0x000001b3835e2000 JavaThread "Execution worker for ':' Thread 3" [_thread_blocked, id=24144, stack(0x000000ad65e00000,0x000000ad65f00000)]
  0x000001b3835e4000 JavaThread "Execution worker for ':' Thread 4" [_thread_blocked, id=3648, stack(0x000000ad65f00000,0x000000ad66000000)]
  0x000001b3835e8800 JavaThread "Execution worker for ':' Thread 5" [_thread_blocked, id=5940, stack(0x000000ad66000000,0x000000ad66100000)]
  0x000001b3835e4800 JavaThread "Execution worker for ':' Thread 6" [_thread_blocked, id=13000, stack(0x000000ad66100000,0x000000ad66200000)]
  0x000001b3859ca000 JavaThread "Execution worker for ':' Thread 7" [_thread_blocked, id=15056, stack(0x000000ad66200000,0x000000ad66300000)]
  0x000001b3859cb000 JavaThread "Execution worker for ':' Thread 8" [_thread_in_native, id=23728, stack(0x000000ad66300000,0x000000ad66400000)]
  0x000001b3859c6000 JavaThread "Execution worker for ':' Thread 9" [_thread_blocked, id=3028, stack(0x000000ad66400000,0x000000ad66500000)]
  0x000001b3859c7000 JavaThread "Execution worker for ':' Thread 10" [_thread_blocked, id=6296, stack(0x000000ad66500000,0x000000ad66600000)]
  0x000001b3859c7800 JavaThread "Execution worker for ':' Thread 11" [_thread_blocked, id=11664, stack(0x000000ad66600000,0x000000ad66700000)]
  0x000001b3859c8800 JavaThread "Cache worker for execution history cache (C:\Users\sonny\AndroidStudioProjects\FYP_926975\.gradle\7.2\executionHistory)" [_thread_blocked, id=15464, stack(0x000000ad66700000,0x000000ad66800000)]

Other Threads:
  0x000001b3fef0a800 VMThread "VM Thread" [stack: 0x000000ad5a700000,0x000000ad5a800000] [id=17164]
  0x000001b3ffa21000 WatcherThread [stack: 0x000000ad5b100000,0x000000ad5b200000] [id=10220]
  0x000001b3e4667800 GCTaskThread "GC Thread#0" [stack: 0x000000ad5a200000,0x000000ad5a300000] [id=20772]
  0x000001b3807c5800 GCTaskThread "GC Thread#1" [stack: 0x000000ad5b300000,0x000000ad5b400000] [id=17872]
  0x000001b380220000 GCTaskThread "GC Thread#2" [stack: 0x000000ad5b400000,0x000000ad5b500000] [id=21072]
  0x000001b3823ed000 GCTaskThread "GC Thread#3" [stack: 0x000000ad5bf00000,0x000000ad5c000000] [id=22116]
  0x000001b3817ce800 GCTaskThread "GC Thread#4" [stack: 0x000000ad5c000000,0x000000ad5c100000] [id=9916]
  0x000001b381098000 GCTaskThread "GC Thread#5" [stack: 0x000000ad5c100000,0x000000ad5c200000] [id=21780]
  0x000001b3821ad800 GCTaskThread "GC Thread#6" [stack: 0x000000ad5c200000,0x000000ad5c300000] [id=4452]
  0x000001b382133800 GCTaskThread "GC Thread#7" [stack: 0x000000ad5c300000,0x000000ad5c400000] [id=16728]
  0x000001b381410000 GCTaskThread "GC Thread#8" [stack: 0x000000ad5c400000,0x000000ad5c500000] [id=5440]
  0x000001b382131800 GCTaskThread "GC Thread#9" [stack: 0x000000ad5c500000,0x000000ad5c600000] [id=21808]
  0x000001b3e4699800 ConcurrentGCThread "G1 Main Marker" [stack: 0x000000ad5a300000,0x000000ad5a400000] [id=24540]
  0x000001b3e469b000 ConcurrentGCThread "G1 Conc#0" [stack: 0x000000ad5a400000,0x000000ad5a500000] [id=21580]
  0x000001b381baa000 ConcurrentGCThread "G1 Conc#1" [stack: 0x000000ad5c900000,0x000000ad5ca00000] [id=17384]
  0x000001b381f2c000 ConcurrentGCThread "G1 Conc#2" [stack: 0x000000ad5ca00000,0x000000ad5cb00000] [id=22036]
  0x000001b3e472e800 ConcurrentGCThread "G1 Refine#0" [stack: 0x000000ad5a500000,0x000000ad5a600000] [id=19732]
  0x000001b382e53800 ConcurrentGCThread "G1 Refine#1" [stack: 0x000000ad66800000,0x000000ad66900000] [id=19304]
  0x000001b3832dd000 ConcurrentGCThread "G1 Refine#2" [stack: 0x000000ad66900000,0x000000ad66a00000] [id=22072]
  0x000001b3fed5b800 ConcurrentGCThread "G1 Young RemSet Sampling" [stack: 0x000000ad5a600000,0x000000ad5a700000] [id=22040]

Threads with active compile tasks:
C2 CompilerThread0  21448 10257       4       org.apache.xerces.parsers.AbstractDOMParser::startElement (883 bytes)

VM state:not at safepoint (normal execution)

VM Mutex/Monitor currently owned by a thread: None

Heap address: 0x0000000080000000, size: 2048 MB, Compressed Oops mode: 32-bit
Narrow klass base: 0x0000000000000000, Narrow klass shift: 3
Compressed class space size: 1073741824 Address: 0x0000000100000000

Heap:
 garbage-first heap   total 187392K, used 97119K [0x0000000080000000, 0x0000000100000000)
  region size 1024K, 10 young (10240K), 3 survivors (3072K)
 Metaspace       used 88037K, capacity 90172K, committed 90316K, reserved 1128448K
  class space    used 11337K, capacity 12161K, committed 12236K, reserved 1048576K
Heap Regions: E=young(eden), S=young(survivor), O=old, HS=humongous(starts), HC=humongous(continues), CS=collection set, F=free, A=archive, TAMS=top-at-mark-start (previous, next)
|   0|0x0000000080000000, 0x0000000080100000, 0x0000000080100000|100%| O|  |TAMS 0x0000000080100000, 0x0000000080000000| Untracked 
|   1|0x0000000080100000, 0x0000000080200000, 0x0000000080200000|100%| O|  |TAMS 0x0000000080200000, 0x0000000080100000| Untracked 
|   2|0x0000000080200000, 0x0000000080300000, 0x0000000080300000|100%| O|  |TAMS 0x0000000080300000, 0x0000000080200000| Untracked 
|   3|0x0000000080300000, 0x0000000080400000, 0x0000000080400000|100%|HS|  |TAMS 0x0000000080400000, 0x0000000080300000| Complete 
|   4|0x0000000080400000, 0x0000000080500000, 0x0000000080500000|100%|HC|  |TAMS 0x0000000080500000, 0x0000000080400000| Complete 
|   5|0x0000000080500000, 0x0000000080600000, 0x0000000080600000|100%|HC|  |TAMS 0x0000000080600000, 0x0000000080500000| Complete 
|   6|0x0000000080600000, 0x0000000080700000, 0x0000000080700000|100%| O|  |TAMS 0x0000000080700000, 0x0000000080600000| Untracked 
|   7|0x0000000080700000, 0x0000000080800000, 0x0000000080800000|100%| O|  |TAMS 0x0000000080800000, 0x0000000080700000| Untracked 
|   8|0x0000000080800000, 0x0000000080900000, 0x0000000080900000|100%| O|  |TAMS 0x0000000080900000, 0x0000000080800000| Untracked 
|   9|0x0000000080900000, 0x0000000080a00000, 0x0000000080a00000|100%| O|  |TAMS 0x0000000080a00000, 0x0000000080900000| Untracked 
|  10|0x0000000080a00000, 0x0000000080b00000, 0x0000000080b00000|100%| O|  |TAMS 0x0000000080b00000, 0x0000000080a00000| Untracked 
|  11|0x0000000080b00000, 0x0000000080c00000, 0x0000000080c00000|100%| O|  |TAMS 0x0000000080c00000, 0x0000000080b00000| Untracked 
|  12|0x0000000080c00000, 0x0000000080d00000, 0x0000000080d00000|100%| O|  |TAMS 0x0000000080d00000, 0x0000000080c00000| Untracked 
|  13|0x0000000080d00000, 0x0000000080e00000, 0x0000000080e00000|100%| O|  |TAMS 0x0000000080e00000, 0x0000000080d00000| Untracked 
|  14|0x0000000080e00000, 0x0000000080f00000, 0x0000000080f00000|100%| O|  |TAMS 0x0000000080f00000, 0x0000000080e00000| Untracked 
|  15|0x0000000080f00000, 0x0000000081000000, 0x0000000081000000|100%| O|  |TAMS 0x0000000081000000, 0x0000000080f00000| Untracked 
|  16|0x0000000081000000, 0x0000000081100000, 0x0000000081100000|100%|HS|  |TAMS 0x0000000081100000, 0x0000000081000000| Complete 
|  17|0x0000000081100000, 0x0000000081200000, 0x0000000081200000|100%| O|  |TAMS 0x0000000081200000, 0x0000000081100000| Untracked 
|  18|0x0000000081200000, 0x0000000081300000, 0x0000000081300000|100%| O|  |TAMS 0x0000000081300000, 0x0000000081200000| Untracked 
|  19|0x0000000081300000, 0x0000000081400000, 0x0000000081400000|100%| O|  |TAMS 0x0000000081400000, 0x0000000081300000| Untracked 
|  20|0x0000000081400000, 0x0000000081500000, 0x0000000081500000|100%| O|  |TAMS 0x0000000081500000, 0x0000000081400000| Untracked 
|  21|0x0000000081500000, 0x0000000081600000, 0x0000000081600000|100%| O|  |TAMS 0x0000000081600000, 0x0000000081500000| Untracked 
|  22|0x0000000081600000, 0x0000000081700000, 0x0000000081700000|100%| O|  |TAMS 0x0000000081700000, 0x0000000081600000| Untracked 
|  23|0x0000000081700000, 0x0000000081800000, 0x0000000081800000|100%| O|  |TAMS 0x0000000081800000, 0x0000000081700000| Untracked 
|  24|0x0000000081800000, 0x0000000081900000, 0x0000000081900000|100%| O|  |TAMS 0x0000000081900000, 0x0000000081800000| Untracked 
|  25|0x0000000081900000, 0x0000000081a00000, 0x0000000081a00000|100%| O|  |TAMS 0x0000000081a00000, 0x0000000081900000| Untracked 
|  26|0x0000000081a00000, 0x0000000081b00000, 0x0000000081b00000|100%| O|  |TAMS 0x0000000081b00000, 0x0000000081a00000| Untracked 
|  27|0x0000000081b00000, 0x0000000081c00000, 0x0000000081c00000|100%| O|  |TAMS 0x0000000081c00000, 0x0000000081b00000| Untracked 
|  28|0x0000000081c00000, 0x0000000081d00000, 0x0000000081d00000|100%|HS|  |TAMS 0x0000000081d00000, 0x0000000081c00000| Complete 
|  29|0x0000000081d00000, 0x0000000081e00000, 0x0000000081e00000|100%|HS|  |TAMS 0x0000000081e00000, 0x0000000081d00000| Complete 
|  30|0x0000000081e00000, 0x0000000081f00000, 0x0000000081f00000|100%|HS|  |TAMS 0x0000000081f00000, 0x0000000081e00000| Complete 
|  31|0x0000000081f00000, 0x0000000082000000, 0x0000000082000000|100%|HC|  |TAMS 0x0000000082000000, 0x0000000081f00000| Complete 
|  32|0x0000000082000000, 0x0000000082100000, 0x0000000082100000|100%| O|  |TAMS 0x0000000082100000, 0x0000000082000000| Untracked 
|  33|0x0000000082100000, 0x0000000082200000, 0x0000000082200000|100%| O|  |TAMS 0x0000000082200000, 0x0000000082100000| Untracked 
|  34|0x0000000082200000, 0x0000000082300000, 0x0000000082300000|100%| O|  |TAMS 0x0000000082300000, 0x0000000082200000| Untracked 
|  35|0x0000000082300000, 0x0000000082400000, 0x0000000082400000|100%| O|  |TAMS 0x0000000082400000, 0x0000000082300000| Untracked 
|  36|0x0000000082400000, 0x0000000082500000, 0x0000000082500000|100%| O|  |TAMS 0x0000000082500000, 0x0000000082400000| Untracked 
|  37|0x0000000082500000, 0x0000000082600000, 0x0000000082600000|100%| O|  |TAMS 0x0000000082600000, 0x0000000082500000| Untracked 
|  38|0x0000000082600000, 0x0000000082700000, 0x0000000082700000|100%| O|  |TAMS 0x0000000082700000, 0x0000000082600000| Untracked 
|  39|0x0000000082700000, 0x0000000082800000, 0x0000000082800000|100%| O|  |TAMS 0x0000000082800000, 0x0000000082700000| Untracked 
|  40|0x0000000082800000, 0x0000000082900000, 0x0000000082900000|100%| O|  |TAMS 0x0000000082900000, 0x0000000082800000| Untracked 
|  41|0x0000000082900000, 0x0000000082a00000, 0x0000000082a00000|100%| O|  |TAMS 0x0000000082a00000, 0x0000000082900000| Untracked 
|  42|0x0000000082a00000, 0x0000000082b00000, 0x0000000082b00000|100%| O|  |TAMS 0x0000000082b00000, 0x0000000082a00000| Untracked 
|  43|0x0000000082b00000, 0x0000000082c00000, 0x0000000082c00000|100%| O|  |TAMS 0x0000000082c00000, 0x0000000082b00000| Untracked 
|  44|0x0000000082c00000, 0x0000000082d00000, 0x0000000082d00000|100%| O|  |TAMS 0x0000000082d00000, 0x0000000082c00000| Untracked 
|  45|0x0000000082d00000, 0x0000000082e00000, 0x0000000082e00000|100%| O|  |TAMS 0x0000000082e00000, 0x0000000082d00000| Untracked 
|  46|0x0000000082e00000, 0x0000000082f00000, 0x0000000082f00000|100%| O|  |TAMS 0x0000000082f00000, 0x0000000082e00000| Untracked 
|  47|0x0000000082f00000, 0x0000000083000000, 0x0000000083000000|100%| O|  |TAMS 0x0000000083000000, 0x0000000082f00000| Untracked 
|  48|0x0000000083000000, 0x0000000083100000, 0x0000000083100000|100%| O|  |TAMS 0x0000000083100000, 0x0000000083000000| Untracked 
|  49|0x0000000083100000, 0x0000000083200000, 0x0000000083200000|100%| O|  |TAMS 0x0000000083200000, 0x0000000083100000| Untracked 
|  50|0x0000000083200000, 0x0000000083300000, 0x0000000083300000|100%| O|  |TAMS 0x0000000083300000, 0x0000000083200000| Untracked 
|  51|0x0000000083300000, 0x0000000083400000, 0x0000000083400000|100%| O|  |TAMS 0x0000000083400000, 0x0000000083300000| Untracked 
|  52|0x0000000083400000, 0x0000000083500000, 0x0000000083500000|100%| O|  |TAMS 0x0000000083500000, 0x0000000083400000| Untracked 
|  53|0x0000000083500000, 0x0000000083600000, 0x0000000083600000|100%| O|  |TAMS 0x0000000083600000, 0x0000000083500000| Untracked 
|  54|0x0000000083600000, 0x0000000083700000, 0x0000000083700000|100%| O|  |TAMS 0x0000000083700000, 0x0000000083600000| Untracked 
|  55|0x0000000083700000, 0x0000000083800000, 0x0000000083800000|100%| O|  |TAMS 0x0000000083800000, 0x0000000083700000| Untracked 
|  56|0x0000000083800000, 0x0000000083900000, 0x0000000083900000|100%| O|  |TAMS 0x0000000083900000, 0x0000000083800000| Untracked 
|  57|0x0000000083900000, 0x0000000083a00000, 0x0000000083a00000|100%| O|  |TAMS 0x0000000083a00000, 0x0000000083900000| Untracked 
|  58|0x0000000083a00000, 0x0000000083b00000, 0x0000000083b00000|100%| O|  |TAMS 0x0000000083b00000, 0x0000000083a00000| Untracked 
|  59|0x0000000083b00000, 0x0000000083c00000, 0x0000000083c00000|100%| O|  |TAMS 0x0000000083c00000, 0x0000000083b00000| Untracked 
|  60|0x0000000083c00000, 0x0000000083d00000, 0x0000000083d00000|100%| O|  |TAMS 0x0000000083d00000, 0x0000000083c00000| Untracked 
|  61|0x0000000083d00000, 0x0000000083e00000, 0x0000000083e00000|100%| O|  |TAMS 0x0000000083e00000, 0x0000000083d00000| Untracked 
|  62|0x0000000083e00000, 0x0000000083f00000, 0x0000000083f00000|100%| O|  |TAMS 0x0000000083f00000, 0x0000000083e00000| Untracked 
|  63|0x0000000083f00000, 0x0000000084000000, 0x0000000084000000|100%| O|  |TAMS 0x0000000084000000, 0x0000000083f00000| Untracked 
|  64|0x0000000084000000, 0x0000000084100000, 0x0000000084100000|100%| O|  |TAMS 0x0000000084100000, 0x0000000084000000| Untracked 
|  65|0x0000000084100000, 0x0000000084100000, 0x0000000084200000|  0%| F|  |TAMS 0x0000000084100000, 0x0000000084100000| Untracked 
|  66|0x0000000084200000, 0x0000000084200000, 0x0000000084300000|  0%| F|  |TAMS 0x0000000084200000, 0x0000000084200000| Untracked 
|  67|0x0000000084300000, 0x0000000084300000, 0x0000000084400000|  0%| F|  |TAMS 0x0000000084300000, 0x0000000084300000| Untracked 
|  68|0x0000000084400000, 0x0000000084500000, 0x0000000084500000|100%| O|  |TAMS 0x0000000084500000, 0x0000000084400000| Untracked 
|  69|0x0000000084500000, 0x0000000084600000, 0x0000000084600000|100%| O|  |TAMS 0x0000000084600000, 0x0000000084500000| Untracked 
|  70|0x0000000084600000, 0x0000000084700000, 0x0000000084700000|100%| O|  |TAMS 0x0000000084700000, 0x0000000084600000| Untracked 
|  71|0x0000000084700000, 0x0000000084800000, 0x0000000084800000|100%| O|  |TAMS 0x0000000084800000, 0x0000000084700000| Untracked 
|  72|0x0000000084800000, 0x0000000084900000, 0x0000000084900000|100%| O|  |TAMS 0x0000000084900000, 0x0000000084800000| Untracked 
|  73|0x0000000084900000, 0x0000000084a00000, 0x0000000084a00000|100%| O|  |TAMS 0x0000000084a00000, 0x0000000084900000| Untracked 
|  74|0x0000000084a00000, 0x0000000084b00000, 0x0000000084b00000|100%| O|  |TAMS 0x0000000084b00000, 0x0000000084a00000| Untracked 
|  75|0x0000000084b00000, 0x0000000084c00000, 0x0000000084c00000|100%| O|  |TAMS 0x0000000084c00000, 0x0000000084b00000| Untracked 
|  76|0x0000000084c00000, 0x0000000084d00000, 0x0000000084d00000|100%| O|  |TAMS 0x0000000084d00000, 0x0000000084c00000| Untracked 
|  77|0x0000000084d00000, 0x0000000084e00000, 0x0000000084e00000|100%| O|  |TAMS 0x0000000084e00000, 0x0000000084d00000| Untracked 
|  78|0x0000000084e00000, 0x0000000084f00000, 0x0000000084f00000|100%| O|  |TAMS 0x0000000084f00000, 0x0000000084e00000| Untracked 
|  79|0x0000000084f00000, 0x0000000085000000, 0x0000000085000000|100%| O|  |TAMS 0x0000000085000000, 0x0000000084f00000| Untracked 
|  80|0x0000000085000000, 0x0000000085000000, 0x0000000085100000|  0%| F|  |TAMS 0x0000000085000000, 0x0000000085000000| Untracked 
|  81|0x0000000085100000, 0x0000000085100000, 0x0000000085200000|  0%| F|  |TAMS 0x0000000085100000, 0x0000000085100000| Untracked 
|  82|0x0000000085200000, 0x0000000085200000, 0x0000000085300000|  0%| F|  |TAMS 0x0000000085200000, 0x0000000085200000| Untracked 
|  83|0x0000000085300000, 0x0000000085300000, 0x0000000085400000|  0%| F|  |TAMS 0x0000000085300000, 0x0000000085300000| Untracked 
|  84|0x0000000085400000, 0x0000000085400000, 0x0000000085500000|  0%| F|  |TAMS 0x0000000085400000, 0x0000000085400000| Untracked 
|  85|0x0000000085500000, 0x0000000085600000, 0x0000000085600000|100%| O|  |TAMS 0x0000000085500000, 0x0000000085500000| Untracked 
|  86|0x0000000085600000, 0x0000000085700000, 0x0000000085700000|100%| O|  |TAMS 0x0000000085600000, 0x0000000085600000| Untracked 
|  87|0x0000000085700000, 0x0000000085700000, 0x0000000085800000|  0%| F|  |TAMS 0x0000000085700000, 0x0000000085700000| Untracked 
|  88|0x0000000085800000, 0x0000000085800000, 0x0000000085900000|  0%| F|  |TAMS 0x0000000085800000, 0x0000000085800000| Untracked 
|  89|0x0000000085900000, 0x0000000085900000, 0x0000000085a00000|  0%| F|  |TAMS 0x0000000085900000, 0x0000000085900000| Untracked 
|  90|0x0000000085a00000, 0x0000000085b00000, 0x0000000085b00000|100%| O|  |TAMS 0x0000000085a00000, 0x0000000085a00000| Untracked 
|  91|0x0000000085b00000, 0x0000000085c00000, 0x0000000085c00000|100%| O|  |TAMS 0x0000000085b00000, 0x0000000085b00000| Untracked 
|  92|0x0000000085c00000, 0x0000000085d00000, 0x0000000085d00000|100%| O|  |TAMS 0x0000000085c00000, 0x0000000085c00000| Untracked 
|  93|0x0000000085d00000, 0x0000000085e00000, 0x0000000085e00000|100%| O|  |TAMS 0x0000000085d00000, 0x0000000085d00000| Untracked 
|  94|0x0000000085e00000, 0x0000000085f00000, 0x0000000085f00000|100%| O|  |TAMS 0x0000000085e00000, 0x0000000085e00000| Untracked 
|  95|0x0000000085f00000, 0x0000000085f00000, 0x0000000086000000|  0%| F|  |TAMS 0x0000000085f00000, 0x0000000085f00000| Untracked 
|  96|0x0000000086000000, 0x0000000086000000, 0x0000000086100000|  0%| F|  |TAMS 0x0000000086000000, 0x0000000086000000| Untracked 
|  97|0x0000000086100000, 0x0000000086100000, 0x0000000086200000|  0%| F|  |TAMS 0x0000000086100000, 0x0000000086100000| Untracked 
|  98|0x0000000086200000, 0x0000000086200000, 0x0000000086300000|  0%| F|  |TAMS 0x0000000086200000, 0x0000000086200000| Untracked 
|  99|0x0000000086300000, 0x0000000086300000, 0x0000000086400000|  0%| F|  |TAMS 0x0000000086300000, 0x0000000086300000| Untracked 
| 100|0x0000000086400000, 0x0000000086500000, 0x0000000086500000|100%| O|  |TAMS 0x0000000086400000, 0x0000000086400000| Untracked 
| 101|0x0000000086500000, 0x0000000086600000, 0x0000000086600000|100%| O|  |TAMS 0x0000000086500000, 0x0000000086500000| Untracked 
| 102|0x0000000086600000, 0x0000000086600000, 0x0000000086700000|  0%| F|  |TAMS 0x0000000086600000, 0x0000000086600000| Untracked 
| 103|0x0000000086700000, 0x0000000086700000, 0x0000000086800000|  0%| F|  |TAMS 0x0000000086700000, 0x0000000086700000| Untracked 
| 104|0x0000000086800000, 0x0000000086800000, 0x0000000086900000|  0%| F|  |TAMS 0x0000000086800000, 0x0000000086800000| Untracked 
| 105|0x0000000086900000, 0x0000000086900000, 0x0000000086a00000|  0%| F|  |TAMS 0x0000000086900000, 0x0000000086900000| Untracked 
| 106|0x0000000086a00000, 0x0000000086a00000, 0x0000000086b00000|  0%| F|  |TAMS 0x0000000086a00000, 0x0000000086a00000| Untracked 
| 107|0x0000000086b00000, 0x0000000086b00000, 0x0000000086c00000|  0%| F|  |TAMS 0x0000000086b00000, 0x0000000086b00000| Untracked 
| 108|0x0000000086c00000, 0x0000000086c00000, 0x0000000086d00000|  0%| F|  |TAMS 0x0000000086c00000, 0x0000000086c00000| Untracked 
| 109|0x0000000086d00000, 0x0000000086d00000, 0x0000000086e00000|  0%| F|  |TAMS 0x0000000086d00000, 0x0000000086d00000| Untracked 
| 110|0x0000000086e00000, 0x0000000086e00000, 0x0000000086f00000|  0%| F|  |TAMS 0x0000000086e00000, 0x0000000086e00000| Untracked 
| 111|0x0000000086f00000, 0x0000000086f00000, 0x0000000087000000|  0%| F|  |TAMS 0x0000000086f00000, 0x0000000086f00000| Untracked 
| 112|0x0000000087000000, 0x0000000087000000, 0x0000000087100000|  0%| F|  |TAMS 0x0000000087000000, 0x0000000087000000| Untracked 
| 113|0x0000000087100000, 0x0000000087100000, 0x0000000087200000|  0%| F|  |TAMS 0x0000000087100000, 0x0000000087100000| Untracked 
| 114|0x0000000087200000, 0x0000000087200000, 0x0000000087300000|  0%| F|  |TAMS 0x0000000087200000, 0x0000000087200000| Untracked 
| 115|0x0000000087300000, 0x0000000087300000, 0x0000000087400000|  0%| F|  |TAMS 0x0000000087300000, 0x0000000087300000| Untracked 
| 116|0x0000000087400000, 0x0000000087400000, 0x0000000087500000|  0%| F|  |TAMS 0x0000000087400000, 0x0000000087400000| Untracked 
| 117|0x0000000087500000, 0x0000000087500000, 0x0000000087600000|  0%| F|  |TAMS 0x0000000087500000, 0x0000000087500000| Untracked 
| 118|0x0000000087600000, 0x0000000087600000, 0x0000000087700000|  0%| F|  |TAMS 0x0000000087600000, 0x0000000087600000| Untracked 
| 119|0x0000000087700000, 0x0000000087700000, 0x0000000087800000|  0%| F|  |TAMS 0x0000000087700000, 0x0000000087700000| Untracked 
| 120|0x0000000087800000, 0x0000000087800000, 0x0000000087900000|  0%| F|  |TAMS 0x0000000087800000, 0x0000000087800000| Untracked 
| 121|0x0000000087900000, 0x0000000087900000, 0x0000000087a00000|  0%| F|  |TAMS 0x0000000087900000, 0x0000000087900000| Untracked 
| 122|0x0000000087a00000, 0x0000000087a00000, 0x0000000087b00000|  0%| F|  |TAMS 0x0000000087a00000, 0x0000000087a00000| Untracked 
| 123|0x0000000087b00000, 0x0000000087b00000, 0x0000000087c00000|  0%| F|  |TAMS 0x0000000087b00000, 0x0000000087b00000| Untracked 
| 124|0x0000000087c00000, 0x0000000087c00000, 0x0000000087d00000|  0%| F|  |TAMS 0x0000000087c00000, 0x0000000087c00000| Untracked 
| 125|0x0000000087d00000, 0x0000000087d00000, 0x0000000087e00000|  0%| F|  |TAMS 0x0000000087d00000, 0x0000000087d00000| Untracked 
| 126|0x0000000087e00000, 0x0000000087e00000, 0x0000000087f00000|  0%| F|  |TAMS 0x0000000087e00000, 0x0000000087e00000| Untracked 
| 127|0x0000000087f00000, 0x0000000087fd7e20, 0x0000000088000000| 84%| S|CS|TAMS 0x0000000087f00000, 0x0000000087f00000| Complete 
| 128|0x0000000088000000, 0x0000000088100000, 0x0000000088100000|100%| S|CS|TAMS 0x0000000088000000, 0x0000000088000000| Complete 
| 129|0x0000000088100000, 0x0000000088200000, 0x0000000088200000|100%| S|CS|TAMS 0x0000000088100000, 0x0000000088100000| Complete 
| 130|0x0000000088200000, 0x0000000088200000, 0x0000000088300000|  0%| F|  |TAMS 0x0000000088200000, 0x0000000088200000| Untracked 
| 131|0x0000000088300000, 0x0000000088300000, 0x0000000088400000|  0%| F|  |TAMS 0x0000000088300000, 0x0000000088300000| Untracked 
| 132|0x0000000088400000, 0x0000000088400000, 0x0000000088500000|  0%| F|  |TAMS 0x0000000088400000, 0x0000000088400000| Untracked 
| 133|0x0000000088500000, 0x0000000088500000, 0x0000000088600000|  0%| F|  |TAMS 0x0000000088500000, 0x0000000088500000| Untracked 
| 134|0x0000000088600000, 0x0000000088600000, 0x0000000088700000|  0%| F|  |TAMS 0x0000000088600000, 0x0000000088600000| Untracked 
| 135|0x0000000088700000, 0x0000000088700000, 0x0000000088800000|  0%| F|  |TAMS 0x0000000088700000, 0x0000000088700000| Untracked 
| 136|0x0000000088800000, 0x0000000088800000, 0x0000000088900000|  0%| F|  |TAMS 0x0000000088800000, 0x0000000088800000| Untracked 
| 137|0x0000000088900000, 0x0000000088900000, 0x0000000088a00000|  0%| F|  |TAMS 0x0000000088900000, 0x0000000088900000| Untracked 
| 138|0x0000000088a00000, 0x0000000088a00000, 0x0000000088b00000|  0%| F|  |TAMS 0x0000000088a00000, 0x0000000088a00000| Untracked 
| 139|0x0000000088b00000, 0x0000000088b00000, 0x0000000088c00000|  0%| F|  |TAMS 0x0000000088b00000, 0x0000000088b00000| Untracked 
| 140|0x0000000088c00000, 0x0000000088c00000, 0x0000000088d00000|  0%| F|  |TAMS 0x0000000088c00000, 0x0000000088c00000| Untracked 
| 141|0x0000000088d00000, 0x0000000088d00000, 0x0000000088e00000|  0%| F|  |TAMS 0x0000000088d00000, 0x0000000088d00000| Untracked 
| 142|0x0000000088e00000, 0x0000000088e00000, 0x0000000088f00000|  0%| F|  |TAMS 0x0000000088e00000, 0x0000000088e00000| Untracked 
| 143|0x0000000088f00000, 0x0000000088f00000, 0x0000000089000000|  0%| F|  |TAMS 0x0000000088f00000, 0x0000000088f00000| Untracked 
| 144|0x0000000089000000, 0x0000000089000000, 0x0000000089100000|  0%| F|  |TAMS 0x0000000089000000, 0x0000000089000000| Untracked 
| 145|0x0000000089100000, 0x0000000089100000, 0x0000000089200000|  0%| F|  |TAMS 0x0000000089100000, 0x0000000089100000| Untracked 
| 146|0x0000000089200000, 0x0000000089200000, 0x0000000089300000|  0%| F|  |TAMS 0x0000000089200000, 0x0000000089200000| Untracked 
| 147|0x0000000089300000, 0x0000000089300000, 0x0000000089400000|  0%| F|  |TAMS 0x0000000089300000, 0x0000000089300000| Untracked 
| 148|0x0000000089400000, 0x0000000089400000, 0x0000000089500000|  0%| F|  |TAMS 0x0000000089400000, 0x0000000089400000| Untracked 
| 149|0x0000000089500000, 0x0000000089500000, 0x0000000089600000|  0%| F|  |TAMS 0x0000000089500000, 0x0000000089500000| Untracked 
| 150|0x0000000089600000, 0x0000000089600000, 0x0000000089700000|  0%| F|  |TAMS 0x0000000089600000, 0x0000000089600000| Untracked 
| 151|0x0000000089700000, 0x0000000089700000, 0x0000000089800000|  0%| F|  |TAMS 0x0000000089700000, 0x0000000089700000| Untracked 
| 152|0x0000000089800000, 0x0000000089800000, 0x0000000089900000|  0%| F|  |TAMS 0x0000000089800000, 0x0000000089800000| Untracked 
| 153|0x0000000089900000, 0x0000000089900000, 0x0000000089a00000|  0%| F|  |TAMS 0x0000000089900000, 0x0000000089900000| Untracked 
| 154|0x0000000089a00000, 0x0000000089a00000, 0x0000000089b00000|  0%| F|  |TAMS 0x0000000089a00000, 0x0000000089a00000| Untracked 
| 155|0x0000000089b00000, 0x0000000089b00000, 0x0000000089c00000|  0%| F|  |TAMS 0x0000000089b00000, 0x0000000089b00000| Untracked 
| 156|0x0000000089c00000, 0x0000000089c00000, 0x0000000089d00000|  0%| F|  |TAMS 0x0000000089c00000, 0x0000000089c00000| Untracked 
| 157|0x0000000089d00000, 0x0000000089d00000, 0x0000000089e00000|  0%| F|  |TAMS 0x0000000089d00000, 0x0000000089d00000| Untracked 
| 158|0x0000000089e00000, 0x0000000089e00000, 0x0000000089f00000|  0%| F|  |TAMS 0x0000000089e00000, 0x0000000089e00000| Untracked 
| 159|0x0000000089f00000, 0x0000000089f00000, 0x000000008a000000|  0%| F|  |TAMS 0x0000000089f00000, 0x0000000089f00000| Untracked 
| 160|0x000000008a000000, 0x000000008a000000, 0x000000008a100000|  0%| F|  |TAMS 0x000000008a000000, 0x000000008a000000| Untracked 
| 161|0x000000008a100000, 0x000000008a100000, 0x000000008a200000|  0%| F|  |TAMS 0x000000008a100000, 0x000000008a100000| Untracked 
| 162|0x000000008a200000, 0x000000008a200000, 0x000000008a300000|  0%| F|  |TAMS 0x000000008a200000, 0x000000008a200000| Untracked 
| 163|0x000000008a300000, 0x000000008a300000, 0x000000008a400000|  0%| F|  |TAMS 0x000000008a300000, 0x000000008a300000| Untracked 
| 164|0x000000008a400000, 0x000000008a400000, 0x000000008a500000|  0%| F|  |TAMS 0x000000008a400000, 0x000000008a400000| Untracked 
| 165|0x000000008a500000, 0x000000008a500000, 0x000000008a600000|  0%| F|  |TAMS 0x000000008a500000, 0x000000008a500000| Untracked 
| 166|0x000000008a600000, 0x000000008a600000, 0x000000008a700000|  0%| F|  |TAMS 0x000000008a600000, 0x000000008a600000| Untracked 
| 167|0x000000008a700000, 0x000000008a700000, 0x000000008a800000|  0%| F|  |TAMS 0x000000008a700000, 0x000000008a700000| Untracked 
| 168|0x000000008a800000, 0x000000008a800000, 0x000000008a900000|  0%| F|  |TAMS 0x000000008a800000, 0x000000008a800000| Untracked 
| 169|0x000000008a900000, 0x000000008a900000, 0x000000008aa00000|  0%| F|  |TAMS 0x000000008a900000, 0x000000008a900000| Untracked 
| 170|0x000000008aa00000, 0x000000008aa00000, 0x000000008ab00000|  0%| F|  |TAMS 0x000000008aa00000, 0x000000008aa00000| Untracked 
| 171|0x000000008ab00000, 0x000000008ab00000, 0x000000008ac00000|  0%| F|  |TAMS 0x000000008ab00000, 0x000000008ab00000| Untracked 
| 172|0x000000008ac00000, 0x000000008ac00000, 0x000000008ad00000|  0%| F|  |TAMS 0x000000008ac00000, 0x000000008ac00000| Untracked 
| 173|0x000000008ad00000, 0x000000008ad00000, 0x000000008ae00000|  0%| F|  |TAMS 0x000000008ad00000, 0x000000008ad00000| Untracked 
| 174|0x000000008ae00000, 0x000000008ae00000, 0x000000008af00000|  0%| F|  |TAMS 0x000000008ae00000, 0x000000008ae00000| Untracked 
| 175|0x000000008af00000, 0x000000008af00000, 0x000000008b000000|  0%| F|  |TAMS 0x000000008af00000, 0x000000008af00000| Untracked 
| 176|0x000000008b000000, 0x000000008b06f410, 0x000000008b100000| 43%| E|  |TAMS 0x000000008b000000, 0x000000008b000000| Complete 
| 177|0x000000008b100000, 0x000000008b200000, 0x000000008b200000|100%| E|CS|TAMS 0x000000008b100000, 0x000000008b100000| Complete 
| 178|0x000000008b200000, 0x000000008b300000, 0x000000008b300000|100%| E|CS|TAMS 0x000000008b200000, 0x000000008b200000| Complete 
| 179|0x000000008b300000, 0x000000008b400000, 0x000000008b400000|100%| E|CS|TAMS 0x000000008b300000, 0x000000008b300000| Complete 
| 180|0x000000008b400000, 0x000000008b500000, 0x000000008b500000|100%| E|CS|TAMS 0x000000008b400000, 0x000000008b400000| Complete 
| 181|0x000000008b500000, 0x000000008b600000, 0x000000008b600000|100%| E|CS|TAMS 0x000000008b500000, 0x000000008b500000| Complete 
| 182|0x000000008b600000, 0x000000008b700000, 0x000000008b700000|100%| E|CS|TAMS 0x000000008b600000, 0x000000008b600000| Complete 

Card table byte_map: [0x000001b3f7aa0000,0x000001b3f7ea0000] _byte_map_base: 0x000001b3f76a0000

Marking Bits (Prev, Next): (CMBitMap*) 0x000001b3e468f848, (CMBitMap*) 0x000001b3e468f880
 Prev Bits: [0x000001b3f82a0000, 0x000001b3fa2a0000)
 Next Bits: [0x000001b3fa2a0000, 0x000001b3fc2a0000)

Polling page: 0x000001b3e25f0000

Metaspace:

Usage:
  Non-class:     76.18 MB capacity,    74.90 MB ( 98%) used,     1.04 MB (  1%) free+waste,   250.44 KB ( <1%) overhead. 
      Class:     11.88 MB capacity,    11.07 MB ( 93%) used,   708.25 KB (  6%) free+waste,   115.00 KB ( <1%) overhead. 
       Both:     88.06 MB capacity,    85.97 MB ( 98%) used,     1.73 MB (  2%) free+waste,   365.44 KB ( <1%) overhead. 

Virtual space:
  Non-class space:       78.00 MB reserved,      76.25 MB ( 98%) committed 
      Class space:        1.00 GB reserved,      11.95 MB (  1%) committed 
             Both:        1.08 GB reserved,      88.20 MB (  8%) committed 

Chunk freelists:
   Non-Class:  69.00 KB
       Class:  63.00 KB
        Both:  132.00 KB

MaxMetaspaceSize: 17179869184.00 GB
CompressedClassSpaceSize: 1.00 GB

CodeHeap 'non-profiled nmethods': size=120000Kb used=5127Kb max_used=5127Kb free=114872Kb
 bounds [0x000001b3efc20000, 0x000001b3f0130000, 0x000001b3f7150000]
CodeHeap 'profiled nmethods': size=120000Kb used=21617Kb max_used=21617Kb free=98382Kb
 bounds [0x000001b3e86f0000, 0x000001b3e9c10000, 0x000001b3efc20000]
CodeHeap 'non-nmethods': size=5760Kb used=2286Kb max_used=2323Kb free=3474Kb
 bounds [0x000001b3e8150000, 0x000001b3e83c0000, 0x000001b3e86f0000]
 total_blobs=11108 nmethods=10220 adapters=799
 compilation: enabled
              stopped_count=0, restarted_count=0
 full_count=0

Compilation events (20 events):
Event: 17.569 Thread 0x000001b3ff891800 10323       2       org.apache.xerces.util.XMLStringBuffer::<init> (7 bytes)
Event: 17.569 Thread 0x000001b3ff891800 nmethod 10323 0x000001b3e9bdc690 code [0x000001b3e9bdc840, 0x000001b3e9bdca18]
Event: 17.570 Thread 0x000001b3ff891800 10324       2       java.util.stream.AbstractPipeline::spliterator (116 bytes)
Event: 17.571 Thread 0x000001b3ff891800 nmethod 10324 0x000001b3e9bdcb10 code [0x000001b3e9bdcd20, 0x000001b3e9bdd198]
Event: 17.612 Thread 0x000001b3ff891800 10326   !   2       sun.nio.ch.FileChannelImpl::implCloseChannel (169 bytes)
Event: 17.623 Thread 0x000001b3ff891800 nmethod 10326 0x000001b3e9bdd390 code [0x000001b3e9bdd620, 0x000001b3e9bde078]
Event: 17.623 Thread 0x000001b3ff891800 10331       2       org.apache.xerces.impl.XMLDocumentScannerImpl::setFeature (75 bytes)
Event: 17.624 Thread 0x000001b3ff891800 nmethod 10331 0x000001b3e9bde510 code [0x000001b3e9bde700, 0x000001b3e9bde9b8]
Event: 17.624 Thread 0x000001b3ff891800 10332       2       org.apache.xerces.impl.XMLDocumentFragmentScannerImpl::setFeature (54 bytes)
Event: 17.624 Thread 0x000001b3ff891800 nmethod 10332 0x000001b3e9bdeb90 code [0x000001b3e9bded80, 0x000001b3e9bdefd8]
Event: 17.624 Thread 0x000001b3ff891800 10327  s!   2       sun.nio.ch.NativeThreadSet::signalAndWait (134 bytes)
Event: 17.624 Thread 0x000001b3ff891800 nmethod 10327 0x000001b3e9bdf190 code [0x000001b3e9bdf360, 0x000001b3e9bdf7d8]
Event: 17.624 Thread 0x000001b3ff891800 10329       1       com.android.ide.common.resources.CompileResourceRequest::getInputFile (5 bytes)
Event: 17.624 Thread 0x000001b3ff891800 nmethod 10329 0x000001b3f011cb90 code [0x000001b3f011cd40, 0x000001b3f011cdf8]
Event: 17.624 Thread 0x000001b3ff891800 10330       1       com.google.common.cache.LocalCache$2::offer (2 bytes)
Event: 17.624 Thread 0x000001b3ff891800 nmethod 10330 0x000001b3f011ce90 code [0x000001b3f011d040, 0x000001b3f011d0f8]
Event: 17.632 Thread 0x000001b3ff891800 10334       2       android.databinding.tool.store.LayoutFileParser::attributeMap (75 bytes)
Event: 17.633 Thread 0x000001b3ff891800 nmethod 10334 0x000001b3e9bdfa10 code [0x000001b3e9bdfc80, 0x000001b3e9be01e8]
Event: 17.681 Thread 0x000001b3ff891800 10335 %     3       org.mozilla.universalchardet.UniversalDetector::handleData @ 318 (644 bytes)
Event: 17.683 Thread 0x000001b3ff891800 nmethod 10335% 0x000001b3e9be0590 code [0x000001b3e9be0980, 0x000001b3e9be2f18]

GC Heap History (20 events):
Event: 4.261 GC heap before
{Heap before GC invocations=7 (full 0):
 garbage-first heap   total 129024K, used 92525K [0x0000000080000000, 0x0000000100000000)
  region size 1024K, 73 young (74752K), 7 survivors (7168K)
 Metaspace       used 40151K, capacity 41061K, committed 41164K, reserved 1085440K
  class space    used 5137K, capacity 5506K, committed 5580K, reserved 1048576K
}
Event: 4.269 GC heap after
{Heap after GC invocations=8 (full 0):
 garbage-first heap   total 129024K, used 28265K [0x0000000080000000, 0x0000000100000000)
  region size 1024K, 9 young (9216K), 9 survivors (9216K)
 Metaspace       used 40151K, capacity 41061K, committed 41164K, reserved 1085440K
  class space    used 5137K, capacity 5506K, committed 5580K, reserved 1048576K
}
Event: 4.935 GC heap before
{Heap before GC invocations=8 (full 0):
 garbage-first heap   total 129024K, used 94825K [0x0000000080000000, 0x0000000100000000)
  region size 1024K, 73 young (74752K), 9 survivors (9216K)
 Metaspace       used 46036K, capacity 47153K, committed 47308K, reserved 1089536K
  class space    used 5922K, capacity 6334K, committed 6348K, reserved 1048576K
}
Event: 4.943 GC heap after
{Heap after GC invocations=9 (full 0):
 garbage-first heap   total 155648K, used 30326K [0x0000000080000000, 0x0000000100000000)
  region size 1024K, 3 young (3072K), 3 survivors (3072K)
 Metaspace       used 46036K, capacity 47153K, committed 47308K, reserved 1089536K
  class space    used 5922K, capacity 6334K, committed 6348K, reserved 1048576K
}
Event: 6.112 GC heap before
{Heap before GC invocations=9 (full 0):
 garbage-first heap   total 155648K, used 115318K [0x0000000080000000, 0x0000000100000000)
  region size 1024K, 82 young (83968K), 3 survivors (3072K)
 Metaspace       used 49169K, capacity 50516K, committed 50636K, reserved 1093632K
  class space    used 6293K, capacity 6800K, committed 6860K, reserved 1048576K
}
Event: 6.119 GC heap after
{Heap after GC invocations=10 (full 0):
 garbage-first heap   total 155648K, used 43633K [0x0000000080000000, 0x0000000100000000)
  region size 1024K, 11 young (11264K), 11 survivors (11264K)
 Metaspace       used 49169K, capacity 50516K, committed 50636K, reserved 1093632K
  class space    used 6293K, capacity 6800K, committed 6860K, reserved 1048576K
}
Event: 6.961 GC heap before
{Heap before GC invocations=10 (full 0):
 garbage-first heap   total 155648K, used 110193K [0x0000000080000000, 0x0000000100000000)
  region size 1024K, 77 young (78848K), 11 survivors (11264K)
 Metaspace       used 58831K, capacity 60186K, committed 60236K, reserved 1101824K
  class space    used 7439K, capacity 7972K, committed 8012K, reserved 1048576K
}
Event: 6.982 GC heap after
{Heap after GC invocations=11 (full 0):
 garbage-first heap   total 155648K, used 46071K [0x0000000080000000, 0x0000000100000000)
  region size 1024K, 3 young (3072K), 3 survivors (3072K)
 Metaspace       used 58831K, capacity 60186K, committed 60236K, reserved 1101824K
  class space    used 7439K, capacity 7972K, committed 8012K, reserved 1048576K
}
Event: 9.226 GC heap before
{Heap before GC invocations=12 (full 0):
 garbage-first heap   total 155648K, used 117751K [0x0000000080000000, 0x0000000100000000)
  region size 1024K, 73 young (74752K), 3 survivors (3072K)
 Metaspace       used 65615K, capacity 67168K, committed 67276K, reserved 1107968K
  class space    used 8309K, capacity 8878K, committed 8908K, reserved 1048576K
}
Event: 9.232 GC heap after
{Heap after GC invocations=13 (full 0):
 garbage-first heap   total 155648K, used 51647K [0x0000000080000000, 0x0000000100000000)
  region size 1024K, 9 young (9216K), 9 survivors (9216K)
 Metaspace       used 65615K, capacity 67168K, committed 67276K, reserved 1107968K
  class space    used 8309K, capacity 8878K, committed 8908K, reserved 1048576K
}
Event: 10.733 GC heap before
{Heap before GC invocations=13 (full 0):
 garbage-first heap   total 155648K, used 119231K [0x0000000080000000, 0x0000000100000000)
  region size 1024K, 75 young (76800K), 9 survivors (9216K)
 Metaspace       used 70717K, capacity 72289K, committed 72524K, reserved 1112064K
  class space    used 9133K, capacity 9730K, committed 9804K, reserved 1048576K
}
Event: 10.743 GC heap after
{Heap after GC invocations=14 (full 0):
 garbage-first heap   total 155648K, used 56397K [0x0000000080000000, 0x0000000100000000)
  region size 1024K, 5 young (5120K), 5 survivors (5120K)
 Metaspace       used 70717K, capacity 72289K, committed 72524K, reserved 1112064K
  class space    used 9133K, capacity 9730K, committed 9804K, reserved 1048576K
}
Event: 11.986 GC heap before
{Heap before GC invocations=14 (full 0):
 garbage-first heap   total 155648K, used 121933K [0x0000000080000000, 0x0000000100000000)
  region size 1024K, 69 young (70656K), 5 survivors (5120K)
 Metaspace       used 76474K, capacity 78197K, committed 78284K, reserved 1116160K
  class space    used 9980K, capacity 10635K, committed 10700K, reserved 1048576K
}
Event: 11.997 GC heap after
{Heap after GC invocations=15 (full 0):
 garbage-first heap   total 155648K, used 59978K [0x0000000080000000, 0x0000000100000000)
  region size 1024K, 9 young (9216K), 9 survivors (9216K)
 Metaspace       used 76474K, capacity 78197K, committed 78284K, reserved 1116160K
  class space    used 9980K, capacity 10635K, committed 10700K, reserved 1048576K
}
Event: 13.356 GC heap before
{Heap before GC invocations=15 (full 0):
 garbage-first heap   total 155648K, used 122442K [0x0000000080000000, 0x0000000100000000)
  region size 1024K, 71 young (72704K), 9 survivors (9216K)
 Metaspace       used 82774K, capacity 84674K, committed 84940K, reserved 1122304K
  class space    used 10713K, capacity 11429K, committed 11468K, reserved 1048576K
}
Event: 13.371 GC heap after
{Heap after GC invocations=16 (full 0):
 garbage-first heap   total 155648K, used 65779K [0x0000000080000000, 0x0000000100000000)
  region size 1024K, 9 young (9216K), 9 survivors (9216K)
 Metaspace       used 82774K, capacity 84674K, committed 84940K, reserved 1122304K
  class space    used 10713K, capacity 11429K, committed 11468K, reserved 1048576K
}
Event: 14.241 GC heap before
{Heap before GC invocations=16 (full 0):
 garbage-first heap   total 155648K, used 123123K [0x0000000080000000, 0x0000000100000000)
  region size 1024K, 66 young (67584K), 9 survivors (9216K)
 Metaspace       used 83933K, capacity 86075K, committed 86220K, reserved 1124352K
  class space    used 10874K, capacity 11678K, committed 11724K, reserved 1048576K
}
Event: 14.272 GC heap after
{Heap after GC invocations=17 (full 0):
 garbage-first heap   total 155648K, used 71224K [0x0000000080000000, 0x0000000100000000)
  region size 1024K, 5 young (5120K), 5 survivors (5120K)
 Metaspace       used 83933K, capacity 86075K, committed 86220K, reserved 1124352K
  class space    used 10874K, capacity 11678K, committed 11724K, reserved 1048576K
}
Event: 15.162 GC heap before
{Heap before GC invocations=17 (full 0):
 garbage-first heap   total 155648K, used 125496K [0x0000000080000000, 0x0000000100000000)
  region size 1024K, 57 young (58368K), 5 survivors (5120K)
 Metaspace       used 85783K, capacity 87989K, committed 88268K, reserved 1126400K
  class space    used 11086K, capacity 11907K, committed 11980K, reserved 1048576K
}
Event: 15.276 GC heap after
{Heap after GC invocations=18 (full 0):
 garbage-first heap   total 187392K, used 88064K [0x0000000080000000, 0x0000000100000000)
  region size 1024K, 8 young (8192K), 8 survivors (8192K)
 Metaspace       used 85783K, capacity 87989K, committed 88268K, reserved 1126400K
  class space    used 11086K, capacity 11907K, committed 11980K, reserved 1048576K
}

Deoptimization events (20 events):
Event: 16.856 Thread 0x000001b3859cb000 DEOPT PACKING pc=0x000001b3f00cfd4c sp=0x000000ad663fa410
Event: 16.856 Thread 0x000001b3859cb000 DEOPT UNPACKING pc=0x000001b3e817662f sp=0x000000ad663fa398 mode 2
Event: 16.857 Thread 0x000001b3859cb000 Uncommon trap: trap_request=0xffffff4d fr.pc=0x000001b3f00ceea0 relative=0x00000000000002a0
Event: 16.857 Thread 0x000001b3859cb000 Uncommon trap: reason=unstable_if action=reinterpret pc=0x000001b3f00ceea0 method=org.apache.xerces.impl.XMLEntityScanner.skipSpaces()Z @ 70 c2
Event: 16.857 Thread 0x000001b3859cb000 DEOPT PACKING pc=0x000001b3f00ceea0 sp=0x000000ad663fa3b0
Event: 16.857 Thread 0x000001b3859cb000 DEOPT UNPACKING pc=0x000001b3e817662f sp=0x000000ad663fa340 mode 2
Event: 16.857 Thread 0x000001b3859cb000 Uncommon trap: trap_request=0xffffff4d fr.pc=0x000001b3f00bb834 relative=0x0000000000000934
Event: 16.857 Thread 0x000001b3859cb000 Uncommon trap: reason=unstable_if action=reinterpret pc=0x000001b3f00bb834 method=org.apache.xerces.impl.XMLEntityScanner.scanContent(Lorg/apache/xerces/xni/XMLString;)I @ 134 c2
Event: 16.857 Thread 0x000001b3859cb000 DEOPT PACKING pc=0x000001b3f00bb834 sp=0x000000ad663fa180
Event: 16.857 Thread 0x000001b3859cb000 DEOPT UNPACKING pc=0x000001b3e817662f sp=0x000000ad663fa118 mode 2
Event: 17.102 Thread 0x000001b3859cb000 DEOPT PACKING pc=0x000001b3e9b2dd93 sp=0x000000ad663f9f60
Event: 17.102 Thread 0x000001b3859cb000 DEOPT UNPACKING pc=0x000001b3e8176dde sp=0x000000ad663f9438 mode 0
Event: 17.214 Thread 0x000001b3859cb000 Uncommon trap: trap_request=0xffffff4d fr.pc=0x000001b3f01088e0 relative=0x00000000000000c0
Event: 17.214 Thread 0x000001b3859cb000 Uncommon trap: reason=unstable_if action=reinterpret pc=0x000001b3f01088e0 method=org.antlr.v4.runtime.ANTLRInputStream.LA(I)I @ 38 c2
Event: 17.214 Thread 0x000001b3859cb000 DEOPT PACKING pc=0x000001b3f01088e0 sp=0x000000ad663fa220
Event: 17.214 Thread 0x000001b3859cb000 DEOPT UNPACKING pc=0x000001b3e817662f sp=0x000000ad663fa1a8 mode 2
Event: 17.297 Thread 0x000001b3859cb000 DEOPT PACKING pc=0x000001b3e872d93c sp=0x000000ad663f9f70
Event: 17.297 Thread 0x000001b3859cb000 DEOPT UNPACKING pc=0x000001b3e8176dde sp=0x000000ad663f93d0 mode 0
Event: 17.360 Thread 0x000001b3859cb000 DEOPT PACKING pc=0x000001b3e87872b4 sp=0x000000ad663fa270
Event: 17.360 Thread 0x000001b3859cb000 DEOPT UNPACKING pc=0x000001b3e8176dde sp=0x000000ad663f97c0 mode 0

Classes redefined (0 events):
No events

Internal exceptions (20 events):
Event: 12.842 Thread 0x000001b381bb1000 Exception <a 'java/lang/NoSuchMethodError'{0x0000000086d66c88}: <clinit>> (0x0000000086d66c88) thrown at [./src/hotspot/share/prims/jni.cpp, line 1362]
Event: 12.845 Thread 0x000001b381bb1000 Exception <a 'java/lang/NoSuchMethodError'{0x0000000086d960f0}: <clinit>> (0x0000000086d960f0) thrown at [./src/hotspot/share/prims/jni.cpp, line 1362]
Event: 12.847 Thread 0x000001b381bb1000 Exception <a 'java/lang/NoSuchMethodError'{0x0000000086dbd0c8}: <clinit>> (0x0000000086dbd0c8) thrown at [./src/hotspot/share/prims/jni.cpp, line 1362]
Event: 12.847 Thread 0x000001b381bb1000 Exception <a 'java/lang/NoSuchMethodError'{0x0000000086dbe278}: <clinit>> (0x0000000086dbe278) thrown at [./src/hotspot/share/prims/jni.cpp, line 1362]
Event: 12.880 Thread 0x000001b3835e5800 Exception <a 'java/lang/NoSuchMethodError'{0x0000000086be03b0}: <clinit>> (0x0000000086be03b0) thrown at [./src/hotspot/share/prims/jni.cpp, line 1362]
Event: 12.887 Thread 0x000001b3835e5800 Exception <a 'java/lang/NoSuchMethodError'{0x0000000086a22600}: <clinit>> (0x0000000086a22600) thrown at [./src/hotspot/share/prims/jni.cpp, line 1362]
Event: 12.889 Thread 0x000001b3835e5800 Exception <a 'java/lang/NoSuchMethodError'{0x0000000086a79778}: <clinit>> (0x0000000086a79778) thrown at [./src/hotspot/share/prims/jni.cpp, line 1362]
Event: 12.896 Thread 0x000001b3859cb000 Exception <a 'java/lang/IncompatibleClassChangeError'{0x0000000086aaaa38}: Found class java.lang.Object, but interface was expected> (0x0000000086aaaa38) thrown at [./src/hotspot/share/interpreter/linkResolver.cpp, line 839]
Event: 12.928 Thread 0x000001b381bb1000 Exception <a 'java/lang/NoSuchMethodError'{0x0000000086873340}: <clinit>> (0x0000000086873340) thrown at [./src/hotspot/share/prims/jni.cpp, line 1362]
Event: 12.929 Thread 0x000001b3859cb000 Exception <a 'java/lang/NoSuchMethodError'{0x0000000086847710}: 'java.lang.Object java.lang.invoke.DirectMethodHandle$Holder.invokeInterface(java.lang.Object, java.lang.Object, int)'> (0x0000000086847710) thrown at [./src/hotspot/share/interpreter/linkResolver.cpp, line 773]
Event: 12.931 Thread 0x000001b3859cb000 Exception <a 'java/lang/NoSuchMethodError'{0x0000000086879cf8}: 'void java.lang.invoke.DirectMethodHandle$Holder.invokeStatic(java.lang.Object, java.lang.Object, java.lang.Object, int)'> (0x0000000086879cf8) thrown at [./src/hotspot/share/interpreter/linkResolver.cpp, line 773]
Event: 12.995 Thread 0x000001b3859cb000 Exception <a 'java/lang/IncompatibleClassChangeError'{0x00000000867f9f10}: Found class java.lang.Object, but interface was expected> (0x00000000867f9f10) thrown at [./src/hotspot/share/interpreter/linkResolver.cpp, line 839]
Event: 13.002 Thread 0x000001b3859cb000 Exception <a 'java/lang/IncompatibleClassChangeError'{0x000000008661da10}: Found class java.lang.Object, but interface was expected> (0x000000008661da10) thrown at [./src/hotspot/share/interpreter/linkResolver.cpp, line 839]
Event: 13.314 Thread 0x000001b3859cb000 Exception <a 'java/lang/NoSuchMethodError'{0x0000000085e36198}: 'void java.lang.invoke.DirectMethodHandle$Holder.invokeStatic(java.lang.Object, java.lang.Object, java.lang.Object, java.lang.Object, int, java.lang.Object, java.lang.Object)'> (0x0000000085e36198) thrown at [./src/hotspot/share/interpreter/linkResolver.cpp, line 773]
Event: 13.380 Thread 0x000001b38398f800 Exception <a 'java/lang/NoSuchMethodError'{0x0000000089627c78}: 'java.lang.Object java.lang.invoke.DirectMethodHandle$Holder.invokeSpecialIFC(java.lang.Object, java.lang.Object, java.lang.Object)'> (0x0000000089627c78) thrown at [./src/hotspot/share/interpreter/linkResolver.cpp, line 773]
Event: 13.380 Thread 0x000001b38398e800 Exception <a 'java/lang/NoSuchMethodError'{0x0000000089630768}: 'java.lang.Object java.lang.invoke.DirectMethodHandle$Holder.invokeSpecialIFC(java.lang.Object, java.lang.Object, java.lang.Object)'> (0x0000000089630768) thrown at [./src/hotspot/share/interpreter/linkResolver.cpp, line 773]
Event: 13.380 Thread 0x000001b383821000 Exception <a 'java/lang/NoSuchMethodError'{0x000000008961e380}: 'java.lang.Object java.lang.invoke.DirectMethodHandle$Holder.invokeSpecialIFC(java.lang.Object, java.lang.Object, java.lang.Object)'> (0x000000008961e380) thrown at [./src/hotspot/share/interpreter/linkResolver.cpp, line 773]
Event: 13.443 Thread 0x000001b38398e800 Exception <a 'java/lang/NoSuchMethodError'{0x00000000893c7d20}: 'int java.lang.invoke.DirectMethodHandle$Holder.invokeStaticInit(java.lang.Object, java.lang.Object, java.lang.Object, java.lang.Object, java.lang.Object)'> (0x00000000893c7d20) thrown at [./src/hotspot/share/interpreter/linkResolver.cpp, line 773]
Event: 13.665 Thread 0x000001b383939000 Exception <a 'java/lang/NoSuchMethodError'{0x0000000088bdcc88}: 'void java.lang.invoke.DirectMethodHandle$Holder.invokeVirtual(java.lang.Object, java.lang.Object)'> (0x0000000088bdcc88) thrown at [./src/hotspot/share/interpreter/linkResolver.cpp, line 773]
Event: 14.639 Thread 0x000001b3859cb000 Implicit null exception at 0x000001b3eff0fc84 to 0x000001b3eff0fe7c

Events (20 events):
Event: 17.278 loading class com/sun/xml/bind/v2/util/CollisionCheckStack
Event: 17.278 loading class com/sun/xml/bind/v2/util/CollisionCheckStack done
Event: 17.279 loading class com/sun/xml/bind/v2/runtime/output/NamespaceContextImpl
Event: 17.279 loading class com/sun/xml/bind/v2/runtime/output/NamespaceContextImpl done
Event: 17.281 loading class com/sun/xml/bind/marshaller/NamespacePrefixMapper
Event: 17.281 loading class com/sun/xml/bind/marshaller/NamespacePrefixMapper done
Event: 17.281 loading class com/sun/xml/bind/v2/runtime/output/NamespaceContextImpl$1
Event: 17.281 loading class com/sun/xml/bind/v2/runtime/output/NamespaceContextImpl$1 done
Event: 17.282 loading class com/sun/xml/bind/v2/runtime/output/NamespaceContextImpl$Element
Event: 17.282 loading class com/sun/xml/bind/v2/runtime/output/NamespaceContextImpl$Element done
Event: 17.284 loading class android/databinding/tool/store/LayoutFileParser$3
Event: 17.284 loading class android/databinding/tool/store/LayoutFileParser$3 done
Event: 17.284 loading class android/databinding/parser/XMLParserBaseVisitor
Event: 17.284 loading class android/databinding/parser/XMLParserBaseVisitor done
Event: 17.288 loading class android/databinding/parser/XMLParserVisitor
Event: 17.288 loading class android/databinding/parser/XMLParserVisitor done
Event: 17.292 loading class org/antlr/v4/runtime/tree/AbstractParseTreeVisitor
Event: 17.292 loading class org/antlr/v4/runtime/tree/AbstractParseTreeVisitor done
Event: 17.503 Executing VM operation: BulkRevokeBias
Event: 17.511 Executing VM operation: BulkRevokeBias done


Dynamic libraries:
0x00007ff7bf5c0000 - 0x00007ff7bf5ca000 	C:\Program Files\Android\Android Studio\jre\bin\java.exe
0x00007ffb33ce0000 - 0x00007ffb33ee9000 	C:\WINDOWS\SYSTEM32\ntdll.dll
0x00007ffb32b80000 - 0x00007ffb32c3d000 	C:\WINDOWS\System32\KERNEL32.DLL
0x00007ffb31200000 - 0x00007ffb31579000 	C:\WINDOWS\System32\KERNELBASE.dll
0x00007ffb316b0000 - 0x00007ffb317c1000 	C:\WINDOWS\System32\ucrtbase.dll
0x00007ffb1d750000 - 0x00007ffb1d769000 	C:\Program Files\Android\Android Studio\jre\bin\jli.dll
0x00007ffb1d6c0000 - 0x00007ffb1d6d7000 	C:\Program Files\Android\Android Studio\jre\bin\VCRUNTIME140.dll
0x00007ffb334e0000 - 0x00007ffb3368c000 	C:\WINDOWS\System32\USER32.dll
0x00007ffb311d0000 - 0x00007ffb311f6000 	C:\WINDOWS\System32\win32u.dll
0x00007ffb1aef0000 - 0x00007ffb1b195000 	C:\WINDOWS\WinSxS\amd64_microsoft.windows.common-controls_6595b64144ccf1df_6.0.22000.120_none_9d947278b86cc467\COMCTL32.dll
0x00007ffb32d20000 - 0x00007ffb32d49000 	C:\WINDOWS\System32\GDI32.dll
0x00007ffb327b0000 - 0x00007ffb32853000 	C:\WINDOWS\System32\msvcrt.dll
0x00007ffb317d0000 - 0x00007ffb318e2000 	C:\WINDOWS\System32\gdi32full.dll
0x00007ffb31ae0000 - 0x00007ffb31b7d000 	C:\WINDOWS\System32\msvcp_win.dll
0x00007ffb32760000 - 0x00007ffb32791000 	C:\WINDOWS\System32\IMM32.DLL
0x00007ffb04360000 - 0x00007ffb043fd000 	C:\Program Files\Android\Android Studio\jre\bin\msvcp140.dll
0x00007ffae55c0000 - 0x00007ffae6095000 	C:\Program Files\Android\Android Studio\jre\bin\server\jvm.dll
0x00007ffb32a10000 - 0x00007ffb32abe000 	C:\WINDOWS\System32\ADVAPI32.dll
0x00007ffb31f00000 - 0x00007ffb31f9e000 	C:\WINDOWS\System32\sechost.dll
0x00007ffb33070000 - 0x00007ffb33190000 	C:\WINDOWS\System32\RPCRT4.dll
0x00007ffb31fa0000 - 0x00007ffb31fa8000 	C:\WINDOWS\System32\PSAPI.DLL
0x00007ffb16a30000 - 0x00007ffb16a39000 	C:\WINDOWS\SYSTEM32\WSOCK32.dll
0x00007ffb2e660000 - 0x00007ffb2e693000 	C:\WINDOWS\SYSTEM32\WINMM.dll
0x00007ffb32c40000 - 0x00007ffb32caf000 	C:\WINDOWS\System32\WS2_32.dll
0x00007ffb2ac10000 - 0x00007ffb2ac1a000 	C:\WINDOWS\SYSTEM32\VERSION.dll
0x00007ffb303c0000 - 0x00007ffb303d8000 	C:\WINDOWS\SYSTEM32\kernel.appcore.dll
0x00007ffb295d0000 - 0x00007ffb295e1000 	C:\Program Files\Android\Android Studio\jre\bin\verify.dll
0x00007ffb2ed10000 - 0x00007ffb2ef31000 	C:\WINDOWS\SYSTEM32\DBGHELP.DLL
0x00007ffb2e620000 - 0x00007ffb2e651000 	C:\WINDOWS\SYSTEM32\dbgcore.DLL
0x00007ffb318f0000 - 0x00007ffb3196f000 	C:\WINDOWS\System32\bcryptPrimitives.dll
0x00007ffb21400000 - 0x00007ffb21429000 	C:\Program Files\Android\Android Studio\jre\bin\java.dll
0x00007ffb2cb30000 - 0x00007ffb2cb3b000 	C:\Program Files\Android\Android Studio\jre\bin\jimage.dll
0x00007ffb215c0000 - 0x00007ffb215d8000 	C:\Program Files\Android\Android Studio\jre\bin\zip.dll
0x00007ffb31fb0000 - 0x00007ffb3275f000 	C:\WINDOWS\System32\SHELL32.dll
0x00007ffb2f350000 - 0x00007ffb2fbb8000 	C:\WINDOWS\SYSTEM32\windows.storage.dll
0x00007ffb31b80000 - 0x00007ffb31ef8000 	C:\WINDOWS\System32\combase.dll
0x00007ffb2f1e0000 - 0x00007ffb2f346000 	C:\WINDOWS\SYSTEM32\wintypes.dll
0x00007ffb32f80000 - 0x00007ffb3306a000 	C:\WINDOWS\System32\SHCORE.dll
0x00007ffb32f20000 - 0x00007ffb32f7d000 	C:\WINDOWS\System32\shlwapi.dll
0x00007ffb31100000 - 0x00007ffb31121000 	C:\WINDOWS\SYSTEM32\profapi.dll
0x00007ffb207b0000 - 0x00007ffb207ca000 	C:\Program Files\Android\Android Studio\jre\bin\net.dll
0x00007ffb2b420000 - 0x00007ffb2b52c000 	C:\WINDOWS\SYSTEM32\WINHTTP.dll
0x00007ffb307f0000 - 0x00007ffb30857000 	C:\WINDOWS\system32\mswsock.dll
0x00007ffb1f6a0000 - 0x00007ffb1f6b4000 	C:\Program Files\Android\Android Studio\jre\bin\nio.dll
0x00007ffb1e980000 - 0x00007ffb1e9a7000 	C:\Users\sonny\.gradle\native\e1d6ef7f7dcc3fd88c89a11ec53ec762bb8ba0a96d01ffa2cd45eb1d1d8dd5c5\windows-amd64\native-platform.dll
0x00007ffb03970000 - 0x00007ffb03ab4000 	C:\Users\sonny\.gradle\native\5664cfc778a61ccfe75a443a1ab52a65af34e5dc3c78e0209fed803814484fcb\windows-amd64\native-platform-file-events.dll
0x00007ffb2a4d0000 - 0x00007ffb2a4da000 	C:\Program Files\Android\Android Studio\jre\bin\management.dll
0x00007ffb218d0000 - 0x00007ffb218dd000 	C:\Program Files\Android\Android Studio\jre\bin\management_ext.dll
0x00007ffb30a30000 - 0x00007ffb30a48000 	C:\WINDOWS\SYSTEM32\CRYPTSP.dll
0x00007ffb30320000 - 0x00007ffb30355000 	C:\WINDOWS\system32\rsaenh.dll
0x00007ffb308e0000 - 0x00007ffb30909000 	C:\WINDOWS\SYSTEM32\USERENV.dll
0x00007ffb30bb0000 - 0x00007ffb30bd7000 	C:\WINDOWS\SYSTEM32\bcrypt.dll
0x00007ffb30a50000 - 0x00007ffb30a5c000 	C:\WINDOWS\SYSTEM32\CRYPTBASE.dll
0x00007ffb2fe70000 - 0x00007ffb2fe9d000 	C:\WINDOWS\SYSTEM32\IPHLPAPI.DLL
0x00007ffb327a0000 - 0x00007ffb327a9000 	C:\WINDOWS\System32\NSI.dll
0x00007ffb29e20000 - 0x00007ffb29e39000 	C:\WINDOWS\SYSTEM32\dhcpcsvc6.DLL
0x00007ffb2a0f0000 - 0x00007ffb2a10e000 	C:\WINDOWS\SYSTEM32\dhcpcsvc.DLL
0x00007ffb2fea0000 - 0x00007ffb2ff88000 	C:\WINDOWS\SYSTEM32\DNSAPI.dll

dbghelp: loaded successfully - version: 4.0.5 - missing functions: none
symbol engine: initialized successfully - sym options: 0x614 - pdb path: .;C:\Program Files\Android\Android Studio\jre\bin;C:\WINDOWS\SYSTEM32;C:\WINDOWS\WinSxS\amd64_microsoft.windows.common-controls_6595b64144ccf1df_6.0.22000.120_none_9d947278b86cc467;C:\Program Files\Android\Android Studio\jre\bin\server;C:\Users\sonny\.gradle\native\e1d6ef7f7dcc3fd88c89a11ec53ec762bb8ba0a96d01ffa2cd45eb1d1d8dd5c5\windows-amd64;C:\Users\sonny\.gradle\native\5664cfc778a61ccfe75a443a1ab52a65af34e5dc3c78e0209fed803814484fcb\windows-amd64

VM Arguments:
jvm_args: --add-opens=java.base/java.util=ALL-UNNAMED --add-opens=java.base/java.lang=ALL-UNNAMED --add-opens=java.base/java.lang.invoke=ALL-UNNAMED --add-opens=java.base/java.util=ALL-UNNAMED --add-opens=java.prefs/java.util.prefs=ALL-UNNAMED --add-opens=java.prefs/java.util.prefs=ALL-UNNAMED --add-opens=java.base/java.nio.charset=ALL-UNNAMED --add-opens=java.base/java.net=ALL-UNNAMED --add-opens=java.base/java.util.concurrent.atomic=ALL-UNNAMED -Xmx2048m -Dfile.encoding=UTF-8 -Duser.country=GB -Duser.language=en -Duser.variant 
java_command: org.gradle.launcher.daemon.bootstrap.GradleDaemon 7.2
java_class_path (initial): C:\Users\sonny\.gradle\wrapper\dists\gradle-7.2-bin\2dnblmf4td7x66yl1d74lt32g\gradle-7.2\lib\gradle-launcher-7.2.jar
Launcher Type: SUN_STANDARD

[Global flags]
     intx CICompilerCount                          = 4                                         {product} {ergonomic}
     uint ConcGCThreads                            = 3                                         {product} {ergonomic}
     uint G1ConcRefinementThreads                  = 10                                        {product} {ergonomic}
   size_t G1HeapRegionSize                         = 1048576                                   {product} {ergonomic}
    uintx GCDrainStackTargetSize                   = 64                                        {product} {ergonomic}
   size_t InitialHeapSize                          = 132120576                                 {product} {ergonomic}
   size_t MarkStackSize                            = 4194304                                   {product} {ergonomic}
   size_t MaxHeapSize                              = 2147483648                                {product} {command line}
   size_t MaxNewSize                               = 1287651328                                {product} {ergonomic}
   size_t MinHeapDeltaBytes                        = 1048576                                   {product} {ergonomic}
    uintx NonNMethodCodeHeapSize                   = 5836300                                {pd product} {ergonomic}
    uintx NonProfiledCodeHeapSize                  = 122910970                              {pd product} {ergonomic}
    uintx ProfiledCodeHeapSize                     = 122910970                              {pd product} {ergonomic}
    uintx ReservedCodeCacheSize                    = 251658240                              {pd product} {ergonomic}
     bool SegmentedCodeCache                       = true                                      {product} {ergonomic}
     bool UseCompressedClassPointers               = true                                 {lp64_product} {ergonomic}
     bool UseCompressedOops                        = true                                 {lp64_product} {ergonomic}
     bool UseG1GC                                  = true                                      {product} {ergonomic}
     bool UseLargePagesIndividualAllocation        = false                                  {pd product} {ergonomic}

Logging:
Log output configuration:
 #0: stdout all=warning uptime,level,tags
 #1: stderr all=off uptime,level,tags

Environment Variables:
PATH=D:\Program Files (x86)\VMware\VMware Player\bin\;C:\Windows\system32;C:\Windows;C:\Windows\System32\Wbem;C:\Windows\System32\WindowsPowerShell\v1.0\;C:\Windows\System32\OpenSSH\;C:\Program Files (x86)\NVIDIA Corporation\PhysX\Common;D:\Program Files\bin\;D:\Program Files\PuTTY\;D:\Program Files\Git\cmd;C:\ProgramData\chocolatey\bin;;C:\Program Files\Git LFS;C:\WINDOWS\system32;C:\WINDOWS;C:\WINDOWS\System32\Wbem;C:\WINDOWS\System32\WindowsPowerShell\v1.0\;C:\WINDOWS\System32\OpenSSH\;C:\Program Files\nodejs\;C:\WINDOWS\system32;C:\WINDOWS;C:\WINDOWS\System32\Wbem;C:\WINDOWS\System32\WindowsPowerShell\v1.0\;C:\WINDOWS\System32\OpenSSH\;C:\Program Files\dotnet\;C:\Users\sonny\AppData\Local\Programs\Python\Python39\Scripts\;C:\Users\sonny\AppData\Local\Programs\Python\Python39\;C:\Users\sonny\AppData\Local\Microsoft\WindowsApps;D:\Program Files (x86)\Microsoft VS Code\bin;C:\Users\sonny\AppData\Local\atom\bin;C:\Users\sonny\spicetify-cli;C:\Users\sonny\AppData\Local\GitHubDesktop\bin;C:\Users\sonny\AppData\Roaming\cabal\bin;C:\ProgramData\chocolatey\lib\ghc\tools\ghc-8.10.3\bin;C:\tools\msys64;;C:\Users\sonny\AppData\Local\Microsoft\WindowsApps;C:\Users\sonny\AppData\Roaming\npm;
USERNAME=sonny
OS=Windows_NT
PROCESSOR_IDENTIFIER=Intel64 Family 6 Model 158 Stepping 10, GenuineIntel



---------------  S Y S T E M  ---------------

OS: Windows 10 , 64 bit Build 22000 (10.0.22000.675)
OS uptime: 3 days 14:30 hours

CPU:total 12 (initial active 12) (6 cores per cpu, 2 threads per core) family 6 model 158 stepping 10 microcode 0xde, cmov, cx8, fxsr, mmx, sse, sse2, sse3, ssse3, sse4.1, sse4.2, popcnt, avx, avx2, aes, clmul, erms, 3dnowpref, lzcnt, ht, tsc, tscinvbit, bmi1, bmi2, adx, fma

Memory: 4k page, system-wide physical 8004M (466M free)
TotalPageFile size 32580M (AvailPageFile size 0M)
current process WorkingSet (physical memory assigned to process): 181M, peak: 376M
current process commit charge ("private bytes"): 473M, peak: 473M

vm_info: OpenJDK 64-Bit Server VM (11.0.11+9-b60-7590822) for windows-amd64 JRE (11.0.11+9-b60-7590822), built on Jul 29 2021 21:43:44 by "builder" with MS VC++ 14.0 (VS2015)

END.
